#
# There is insufficient memory for the Java Runtime Environment to continue.
# Native memory allocation (malloc) failed to allocate 1081536 bytes for Chunk::new
# Possible reasons:
#   The system is out of physical RAM or swap space
#   The process is running with CompressedOops enabled, and the Java Heap may be blocking the growth of the native heap
# Possible solutions:
#   Reduce memory load on the system
#   Increase physical memory or swap space
#   Check if swap backing store is full
#   Decrease Java heap size (-Xmx/-Xms)
#   Decrease number of Java threads
#   Decrease Java thread stack sizes (-Xss)
#   Set larger code cache with -XX:ReservedCodeCacheSize=
#   JVM is running with Unscaled Compressed Oops mode in which the Java heap is
#     placed in the first 4GB address space. The Java Heap base address is the
#     maximum limit for the native heap growth. Please use -XX:HeapBaseMinAddress
#     to set the Java Heap base and to place the Java Heap above 4GB virtual address.
# This output file may be truncated or incomplete.
#
#  Out of Memory Error (./src/hotspot/share/memory/arena.cpp:197), pid=7564, tid=5692
#
# JRE version: OpenJDK Runtime Environment (11.0.10) (build 11.0.10+0-b96-7249189)
# Java VM: OpenJDK 64-Bit Server VM (11.0.10+0-b96-7249189, mixed mode, tiered, compressed oops, g1 gc, windows-amd64)
# No core dump will be written. Minidumps are not enabled by default on client versions of Windows
#

---------------  S U M M A R Y ------------

Command Line: --add-opens=java.base/java.util=ALL-UNNAMED --add-opens=java.base/java.lang=ALL-UNNAMED --add-opens=java.base/java.lang.invoke=ALL-UNNAMED --add-opens=java.base/java.util=ALL-UNNAMED --add-opens=java.prefs/java.util.prefs=ALL-UNNAMED --add-opens=java.prefs/java.util.prefs=ALL-UNNAMED --add-opens=java.base/java.nio.charset=ALL-UNNAMED --add-opens=java.base/java.net=ALL-UNNAMED --add-opens=java.base/java.util.concurrent.atomic=ALL-UNNAMED -Xmx2048m -Dfile.encoding=UTF-8 -Duser.country=GB -Duser.language=en -Duser.variant org.gradle.launcher.daemon.bootstrap.GradleDaemon 7.0.2

Host: AMD Ryzen 3 3200U with Radeon Vega Mobile Gfx  , 4 cores, 3G,  Windows 10 , 64 bit Build 19041 (10.0.19041.1503)
Time: Wed Apr 20 06:00:11 2022 W. Central Africa Standard Time elapsed time: 6.038709 seconds (0d 0h 0m 6s)

---------------  T H R E A D  ---------------

Current thread (0x000001e3f653d000):  JavaThread "C2 CompilerThread0" daemon [_thread_in_native, id=5692, stack(0x0000009499100000,0x0000009499200000)]


Current CompileTask:
C2:   6038 2047   !   4       java.net.URLClassLoader$1::run (63 bytes)

Stack: [0x0000009499100000,0x0000009499200000]
Native frames: (J=compiled Java code, j=interpreted, Vv=VM code, C=native code)
V  [jvm.dll+0x5ecfaa]
V  [jvm.dll+0x722bd5]
V  [jvm.dll+0x72412d]
V  [jvm.dll+0x7247e3]
V  [jvm.dll+0x242928]
V  [jvm.dll+0xbc4fc]
V  [jvm.dll+0xbca0c]
V  [jvm.dll+0x2b4fd4]
V  [jvm.dll+0x506028]
V  [jvm.dll+0x203253]
V  [jvm.dll+0x1fd07c]
V  [jvm.dll+0x1fa77f]
V  [jvm.dll+0x18354c]
V  [jvm.dll+0x208ee7]
V  [jvm.dll+0x207731]
V  [jvm.dll+0x6eb1cf]
V  [jvm.dll+0x6e3d45]
V  [jvm.dll+0x5ebe96]
C  [ucrtbase.dll+0x21bb2]
C  [KERNEL32.DLL+0x17034]
C  [ntdll.dll+0x52651]


---------------  P R O C E S S  ---------------

Threads class SMR info:
_java_thread_list=0x000001e3f88d83f0, length=23, elements={
0x000001e3da22d000, 0x000001e3f64d5800, 0x000001e3f64e1800, 0x000001e3f6536800,
0x000001e3f6537800, 0x000001e3f653a800, 0x000001e3f653d000, 0x000001e3f6541800,
0x000001e3f6549800, 0x000001e3f67a5800, 0x000001e3f795f800, 0x000001e3f7f62000,
0x000001e3f78de800, 0x000001e3f88cb000, 0x000001e3f81e3800, 0x000001e3f865a800,
0x000001e3f81f7000, 0x000001e3f8201000, 0x000001e3f8a4c800, 0x000001e3f81f8800,
0x000001e3f81fd800, 0x000001e3f81fc000, 0x000001e3f81fd000
}

Java Threads: ( => current thread )
  0x000001e3da22d000 JavaThread "main" [_thread_blocked, id=12160, stack(0x0000009498500000,0x0000009498600000)]
  0x000001e3f64d5800 JavaThread "Reference Handler" daemon [_thread_blocked, id=9196, stack(0x0000009498c00000,0x0000009498d00000)]
  0x000001e3f64e1800 JavaThread "Finalizer" daemon [_thread_blocked, id=11776, stack(0x0000009498d00000,0x0000009498e00000)]
  0x000001e3f6536800 JavaThread "Signal Dispatcher" daemon [_thread_blocked, id=864, stack(0x0000009498e00000,0x0000009498f00000)]
  0x000001e3f6537800 JavaThread "Attach Listener" daemon [_thread_blocked, id=11056, stack(0x0000009498f00000,0x0000009499000000)]
  0x000001e3f653a800 JavaThread "Service Thread" daemon [_thread_blocked, id=11112, stack(0x0000009499000000,0x0000009499100000)]
=>0x000001e3f653d000 JavaThread "C2 CompilerThread0" daemon [_thread_in_native, id=5692, stack(0x0000009499100000,0x0000009499200000)]
  0x000001e3f6541800 JavaThread "C1 CompilerThread0" daemon [_thread_blocked, id=13212, stack(0x0000009499200000,0x0000009499300000)]
  0x000001e3f6549800 JavaThread "Sweeper thread" daemon [_thread_blocked, id=1408, stack(0x0000009499300000,0x0000009499400000)]
  0x000001e3f67a5800 JavaThread "Common-Cleaner" daemon [_thread_blocked, id=11632, stack(0x0000009499400000,0x0000009499500000)]
  0x000001e3f795f800 JavaThread "Daemon health stats" [_thread_blocked, id=10472, stack(0x0000009499700000,0x0000009499800000)]
  0x000001e3f7f62000 JavaThread "Incoming local TCP Connector on port 55328" [_thread_in_native, id=13136, stack(0x0000009499800000,0x0000009499900000)]
  0x000001e3f78de800 JavaThread "Daemon periodic checks" [_thread_blocked, id=4828, stack(0x0000009499900000,0x0000009499a00000)]
  0x000001e3f88cb000 JavaThread "Daemon" [_thread_blocked, id=980, stack(0x0000009499a00000,0x0000009499b00000)]
  0x000001e3f81e3800 JavaThread "Handler for socket connection from /127.0.0.1:55328 to /127.0.0.1:55329" [_thread_in_native, id=12580, stack(0x0000009499b00000,0x0000009499c00000)]
  0x000001e3f865a800 JavaThread "Cancel handler" [_thread_blocked, id=5880, stack(0x0000009499c00000,0x0000009499d00000)]
  0x000001e3f81f7000 JavaThread "Daemon worker" [_thread_in_native, id=12736, stack(0x0000009499d00000,0x0000009499e00000)]
  0x000001e3f8201000 JavaThread "Asynchronous log dispatcher for DefaultDaemonConnection: socket connection from /127.0.0.1:55328 to /127.0.0.1:55329" [_thread_blocked, id=6992, stack(0x0000009499e00000,0x0000009499f00000)]
  0x000001e3f8a4c800 JavaThread "Stdin handler" [_thread_blocked, id=7816, stack(0x0000009499f00000,0x000000949a000000)]
  0x000001e3f81f8800 JavaThread "Daemon client event forwarder" [_thread_blocked, id=3068, stack(0x000000949a000000,0x000000949a100000)]
  0x000001e3f81fd800 JavaThread "Cache worker for file hash cache (C:\Users\atola\.gradle\caches\7.0.2\fileHashes)" [_thread_blocked, id=9820, stack(0x000000949a300000,0x000000949a400000)]
  0x000001e3f81fc000 JavaThread "File lock request listener" [_thread_in_native, id=12980, stack(0x000000949a400000,0x000000949a500000)]
  0x000001e3f81fd000 JavaThread "Cache worker for journal cache (C:\Users\atola\.gradle\caches\journal-1)" [_thread_blocked, id=13980, stack(0x000000949a500000,0x000000949a600000)]

Other Threads:
  0x000001e3f64cf000 VMThread "VM Thread" [stack: 0x0000009498b00000,0x0000009498c00000] [id=8780]
  0x000001e3f67b9800 WatcherThread [stack: 0x0000009499500000,0x0000009499600000] [id=4916]
  0x000001e3da245800 GCTaskThread "GC Thread#0" [stack: 0x0000009498600000,0x0000009498700000] [id=7868]
  0x000001e3f6a65800 GCTaskThread "GC Thread#1" [stack: 0x0000009499600000,0x0000009499700000] [id=8108]
  0x000001e3f87b3000 GCTaskThread "GC Thread#2" [stack: 0x000000949a100000,0x000000949a200000] [id=7212]
  0x000001e3f87b4000 GCTaskThread "GC Thread#3" [stack: 0x000000949a200000,0x000000949a300000] [id=2368]
  0x000001e3da277800 ConcurrentGCThread "G1 Main Marker" [stack: 0x0000009498700000,0x0000009498800000] [id=6616]
  0x000001e3da278800 ConcurrentGCThread "G1 Conc#0" [stack: 0x0000009498800000,0x0000009498900000] [id=5172]
  0x000001e3da2bf800 ConcurrentGCThread "G1 Refine#0" [stack: 0x0000009498900000,0x0000009498a00000] [id=13776]
  0x000001e3da2c0800 ConcurrentGCThread "G1 Young RemSet Sampling" [stack: 0x0000009498a00000,0x0000009498b00000] [id=8540]

Threads with active compile tasks:
C2 CompilerThread0   6101 2047   !   4       java.net.URLClassLoader$1::run (63 bytes)
C1 CompilerThread0   6101 2130       3       sun.reflect.generics.parser.SignatureParser::parseClassTypeSignature (118 bytes)

VM state:not at safepoint (normal execution)

VM Mutex/Monitor currently owned by a thread: None

Heap address: 0x0000000080000000, size: 2048 MB, Compressed Oops mode: 32-bit
Narrow klass base: 0x0000000000000000, Narrow klass shift: 3
Compressed class space size: 1073741824 Address: 0x0000000100000000

Heap:
 garbage-first heap   total 69632K, used 26731K [0x0000000080000000, 0x0000000100000000)
  region size 1024K, 12 young (12288K), 2 survivors (2048K)
 Metaspace       used 24389K, capacity 25049K, committed 25216K, reserved 1071104K
  class space    used 3140K, capacity 3364K, committed 3456K, reserved 1048576K
Heap Regions: E=young(eden), S=young(survivor), O=old, HS=humongous(starts), HC=humongous(continues), CS=collection set, F=free, A=archive, TAMS=top-at-mark-start (previous, next)
|   0|0x0000000080000000, 0x0000000080100000, 0x0000000080100000|100%| O|  |TAMS 0x0000000080100000, 0x0000000080000000| Untracked 
|   1|0x0000000080100000, 0x0000000080200000, 0x0000000080200000|100%| O|  |TAMS 0x0000000080200000, 0x0000000080100000| Untracked 
|   2|0x0000000080200000, 0x0000000080300000, 0x0000000080300000|100%| O|  |TAMS 0x0000000080300000, 0x0000000080200000| Untracked 
|   3|0x0000000080300000, 0x0000000080400000, 0x0000000080400000|100%|HS|  |TAMS 0x0000000080400000, 0x0000000080300000| Complete 
|   4|0x0000000080400000, 0x0000000080500000, 0x0000000080500000|100%|HC|  |TAMS 0x0000000080500000, 0x0000000080400000| Complete 
|   5|0x0000000080500000, 0x0000000080600000, 0x0000000080600000|100%|HC|  |TAMS 0x0000000080600000, 0x0000000080500000| Complete 
|   6|0x0000000080600000, 0x0000000080700000, 0x0000000080700000|100%| O|  |TAMS 0x0000000080700000, 0x0000000080600000| Untracked 
|   7|0x0000000080700000, 0x0000000080800000, 0x0000000080800000|100%| O|  |TAMS 0x0000000080800000, 0x0000000080700000| Untracked 
|   8|0x0000000080800000, 0x0000000080900000, 0x0000000080900000|100%| O|  |TAMS 0x0000000080900000, 0x0000000080800000| Untracked 
|   9|0x0000000080900000, 0x0000000080a00000, 0x0000000080a00000|100%| O|  |TAMS 0x0000000080a00000, 0x0000000080900000| Untracked 
|  10|0x0000000080a00000, 0x0000000080b00000, 0x0000000080b00000|100%| O|  |TAMS 0x0000000080b00000, 0x0000000080a00000| Untracked 
|  11|0x0000000080b00000, 0x0000000080c00000, 0x0000000080c00000|100%| O|  |TAMS 0x0000000080c00000, 0x0000000080b00000| Untracked 
|  12|0x0000000080c00000, 0x0000000080d00000, 0x0000000080d00000|100%| O|  |TAMS 0x0000000080d00000, 0x0000000080c00000| Untracked 
|  13|0x0000000080d00000, 0x0000000080e00000, 0x0000000080e00000|100%| O|  |TAMS 0x0000000080e00000, 0x0000000080d00000| Untracked 
|  14|0x0000000080e00000, 0x0000000080f00000, 0x0000000080f00000|100%| O|  |TAMS 0x0000000080f00000, 0x0000000080e00000| Untracked 
|  15|0x0000000080f00000, 0x0000000080fa9200, 0x0000000081000000| 66%| O|  |TAMS 0x0000000080fa9200, 0x0000000080f00000| Untracked 
|  16|0x0000000081000000, 0x0000000081000000, 0x0000000081100000|  0%| F|  |TAMS 0x0000000081000000, 0x0000000081000000| Untracked 
|  17|0x0000000081100000, 0x0000000081100000, 0x0000000081200000|  0%| F|  |TAMS 0x0000000081100000, 0x0000000081100000| Untracked 
|  18|0x0000000081200000, 0x0000000081200000, 0x0000000081300000|  0%| F|  |TAMS 0x0000000081200000, 0x0000000081200000| Untracked 
|  19|0x0000000081300000, 0x0000000081300000, 0x0000000081400000|  0%| F|  |TAMS 0x0000000081300000, 0x0000000081300000| Untracked 
|  20|0x0000000081400000, 0x0000000081400000, 0x0000000081500000|  0%| F|  |TAMS 0x0000000081400000, 0x0000000081400000| Untracked 
|  21|0x0000000081500000, 0x0000000081500000, 0x0000000081600000|  0%| F|  |TAMS 0x0000000081500000, 0x0000000081500000| Untracked 
|  22|0x0000000081600000, 0x0000000081600000, 0x0000000081700000|  0%| F|  |TAMS 0x0000000081600000, 0x0000000081600000| Untracked 
|  23|0x0000000081700000, 0x0000000081700000, 0x0000000081800000|  0%| F|  |TAMS 0x0000000081700000, 0x0000000081700000| Untracked 
|  24|0x0000000081800000, 0x0000000081800000, 0x0000000081900000|  0%| F|  |TAMS 0x0000000081800000, 0x0000000081800000| Untracked 
|  25|0x0000000081900000, 0x0000000081900000, 0x0000000081a00000|  0%| F|  |TAMS 0x0000000081900000, 0x0000000081900000| Untracked 
|  26|0x0000000081a00000, 0x0000000081a00000, 0x0000000081b00000|  0%| F|  |TAMS 0x0000000081a00000, 0x0000000081a00000| Untracked 
|  27|0x0000000081b00000, 0x0000000081b00000, 0x0000000081c00000|  0%| F|  |TAMS 0x0000000081b00000, 0x0000000081b00000| Untracked 
|  28|0x0000000081c00000, 0x0000000081c00000, 0x0000000081d00000|  0%| F|  |TAMS 0x0000000081c00000, 0x0000000081c00000| Untracked 
|  29|0x0000000081d00000, 0x0000000081d00000, 0x0000000081e00000|  0%| F|  |TAMS 0x0000000081d00000, 0x0000000081d00000| Untracked 
|  30|0x0000000081e00000, 0x0000000081e00000, 0x0000000081f00000|  0%| F|  |TAMS 0x0000000081e00000, 0x0000000081e00000| Untracked 
|  31|0x0000000081f00000, 0x0000000081f00000, 0x0000000082000000|  0%| F|  |TAMS 0x0000000081f00000, 0x0000000081f00000| Untracked 
|  32|0x0000000082000000, 0x0000000082000000, 0x0000000082100000|  0%| F|  |TAMS 0x0000000082000000, 0x0000000082000000| Untracked 
|  33|0x0000000082100000, 0x0000000082100000, 0x0000000082200000|  0%| F|  |TAMS 0x0000000082100000, 0x0000000082100000| Untracked 
|  34|0x0000000082200000, 0x0000000082200000, 0x0000000082300000|  0%| F|  |TAMS 0x0000000082200000, 0x0000000082200000| Untracked 
|  35|0x0000000082300000, 0x0000000082300000, 0x0000000082400000|  0%| F|  |TAMS 0x0000000082300000, 0x0000000082300000| Untracked 
|  36|0x0000000082400000, 0x0000000082400000, 0x0000000082500000|  0%| F|  |TAMS 0x0000000082400000, 0x0000000082400000| Untracked 
|  37|0x0000000082500000, 0x0000000082500000, 0x0000000082600000|  0%| F|  |TAMS 0x0000000082500000, 0x0000000082500000| Untracked 
|  38|0x0000000082600000, 0x0000000082671cf0, 0x0000000082700000| 44%| S|CS|TAMS 0x0000000082600000, 0x0000000082600000| Complete 
|  39|0x0000000082700000, 0x0000000082800000, 0x0000000082800000|100%| S|CS|TAMS 0x0000000082700000, 0x0000000082700000| Complete 
|  40|0x0000000082800000, 0x0000000082800000, 0x0000000082900000|  0%| F|  |TAMS 0x0000000082800000, 0x0000000082800000| Untracked 
|  41|0x0000000082900000, 0x0000000082900000, 0x0000000082a00000|  0%| F|  |TAMS 0x0000000082900000, 0x0000000082900000| Untracked 
|  42|0x0000000082a00000, 0x0000000082a00000, 0x0000000082b00000|  0%| F|  |TAMS 0x0000000082a00000, 0x0000000082a00000| Untracked 
|  43|0x0000000082b00000, 0x0000000082b00000, 0x0000000082c00000|  0%| F|  |TAMS 0x0000000082b00000, 0x0000000082b00000| Untracked 
|  44|0x0000000082c00000, 0x0000000082c00000, 0x0000000082d00000|  0%| F|  |TAMS 0x0000000082c00000, 0x0000000082c00000| Untracked 
|  45|0x0000000082d00000, 0x0000000082d00000, 0x0000000082e00000|  0%| F|  |TAMS 0x0000000082d00000, 0x0000000082d00000| Untracked 
|  46|0x0000000082e00000, 0x0000000082e00000, 0x0000000082f00000|  0%| F|  |TAMS 0x0000000082e00000, 0x0000000082e00000| Untracked 
|  47|0x0000000082f00000, 0x0000000082f00000, 0x0000000083000000|  0%| F|  |TAMS 0x0000000082f00000, 0x0000000082f00000| Untracked 
|  48|0x0000000083000000, 0x0000000083000000, 0x0000000083100000|  0%| F|  |TAMS 0x0000000083000000, 0x0000000083000000| Untracked 
|  49|0x0000000083100000, 0x0000000083100000, 0x0000000083200000|  0%| F|  |TAMS 0x0000000083100000, 0x0000000083100000| Untracked 
|  50|0x0000000083200000, 0x0000000083200000, 0x0000000083300000|  0%| F|  |TAMS 0x0000000083200000, 0x0000000083200000| Untracked 
|  51|0x0000000083300000, 0x0000000083300000, 0x0000000083400000|  0%| F|  |TAMS 0x0000000083300000, 0x0000000083300000| Untracked 
|  52|0x0000000083400000, 0x0000000083400000, 0x0000000083500000|  0%| F|  |TAMS 0x0000000083400000, 0x0000000083400000| Untracked 
|  53|0x0000000083500000, 0x0000000083500000, 0x0000000083600000|  0%| F|  |TAMS 0x0000000083500000, 0x0000000083500000| Untracked 
|  54|0x0000000083600000, 0x0000000083600000, 0x0000000083700000|  0%| F|  |TAMS 0x0000000083600000, 0x0000000083600000| Untracked 
|  55|0x0000000083700000, 0x0000000083700000, 0x0000000083800000|  0%| F|  |TAMS 0x0000000083700000, 0x0000000083700000| Untracked 
|  56|0x0000000083800000, 0x0000000083800000, 0x0000000083900000|  0%| F|  |TAMS 0x0000000083800000, 0x0000000083800000| Untracked 
|  57|0x0000000083900000, 0x0000000083900000, 0x0000000083a00000|  0%| F|  |TAMS 0x0000000083900000, 0x0000000083900000| Untracked 
|  58|0x0000000083a00000, 0x0000000083ad9930, 0x0000000083b00000| 84%| E|  |TAMS 0x0000000083a00000, 0x0000000083a00000| Complete 
|  59|0x0000000083b00000, 0x0000000083c00000, 0x0000000083c00000|100%| E|CS|TAMS 0x0000000083b00000, 0x0000000083b00000| Complete 
|  60|0x0000000083c00000, 0x0000000083d00000, 0x0000000083d00000|100%| E|CS|TAMS 0x0000000083c00000, 0x0000000083c00000| Complete 
|  61|0x0000000083d00000, 0x0000000083e00000, 0x0000000083e00000|100%| E|CS|TAMS 0x0000000083d00000, 0x0000000083d00000| Complete 
|  62|0x0000000083e00000, 0x0000000083f00000, 0x0000000083f00000|100%| E|CS|TAMS 0x0000000083e00000, 0x0000000083e00000| Complete 
|  63|0x0000000083f00000, 0x0000000084000000, 0x0000000084000000|100%| E|CS|TAMS 0x0000000083f00000, 0x0000000083f00000| Complete 
|  64|0x0000000084000000, 0x0000000084100000, 0x0000000084100000|100%| E|CS|TAMS 0x0000000084000000, 0x0000000084000000| Complete 
|  65|0x0000000084100000, 0x0000000084200000, 0x0000000084200000|100%| E|CS|TAMS 0x0000000084100000, 0x0000000084100000| Complete 
|  66|0x0000000084200000, 0x0000000084300000, 0x0000000084300000|100%| E|CS|TAMS 0x0000000084200000, 0x0000000084200000| Complete 
|  67|0x0000000084300000, 0x0000000084400000, 0x0000000084400000|100%| E|CS|TAMS 0x0000000084300000, 0x0000000084300000| Complete 

Card table byte_map: [0x000001e3eef30000,0x000001e3ef330000] _byte_map_base: 0x000001e3eeb30000

Marking Bits (Prev, Next): (CMBitMap*) 0x000001e3da26e770, (CMBitMap*) 0x000001e3da26e738
 Prev Bits: [0x000001e3f1730000, 0x000001e3f3730000)
 Next Bits: [0x000001e3ef730000, 0x000001e3f1730000)

Polling page: 0x000001e3da090000

Metaspace:

Usage:
  Non-class:     21.18 MB capacity,    20.76 MB ( 98%) used,   381.88 KB (  2%) free+waste,    47.69 KB ( <1%) overhead. 
      Class:      3.29 MB capacity,     3.07 MB ( 93%) used,   197.02 KB (  6%) free+waste,    24.13 KB ( <1%) overhead. 
       Both:     24.46 MB capacity,    23.83 MB ( 97%) used,   578.90 KB (  2%) free+waste,    71.81 KB ( <1%) overhead. 

Virtual space:
  Non-class space:       22.00 MB reserved,      21.25 MB ( 97%) committed 
      Class space:        1.00 GB reserved,       3.38 MB ( <1%) committed 
             Both:        1.02 GB reserved,      24.63 MB (  2%) committed 

Chunk freelists:
   Non-Class:  11.00 KB
       Class:  28.00 KB
        Both:  39.00 KB

MaxMetaspaceSize: 17179869184.00 GB
CompressedClassSpaceSize: 1.00 GB

CodeHeap 'non-profiled nmethods': size=120064Kb used=944Kb max_used=944Kb free=119119Kb
 bounds [0x000001e3e6fc0000, 0x000001e3e7230000, 0x000001e3ee500000]
CodeHeap 'profiled nmethods': size=120000Kb used=4525Kb max_used=4525Kb free=115475Kb
 bounds [0x000001e3dfa90000, 0x000001e3dff00000, 0x000001e3e6fc0000]
CodeHeap 'non-nmethods': size=5696Kb used=1148Kb max_used=1178Kb free=4547Kb
 bounds [0x000001e3df500000, 0x000001e3df770000, 0x000001e3dfa90000]
 total_blobs=2608 nmethods=2116 adapters=403
 compilation: enabled
              stopped_count=0, restarted_count=0
 full_count=0

Compilation events (20 events):
Event: 5.966 Thread 0x000001e3f6541800 2057       3       sun.reflect.generics.tree.SimpleClassTypeSignature::<init> (20 bytes)
Event: 5.966 Thread 0x000001e3f6541800 nmethod 2057 0x000001e3dfed7f90 code [0x000001e3dfed8140, 0x000001e3dfed8358]
Event: 5.967 Thread 0x000001e3f6541800 2059       3       sun.reflect.generics.parser.SignatureParser::parseClassTypeSignatureSuffix (29 bytes)
Event: 5.967 Thread 0x000001e3f6541800 nmethod 2059 0x000001e3dfed8410 code [0x000001e3dfed8600, 0x000001e3dfed8918]
Event: 5.967 Thread 0x000001e3f6541800 2060       3       sun.reflect.generics.tree.ClassTypeSignature::make (9 bytes)
Event: 5.967 Thread 0x000001e3f6541800 nmethod 2060 0x000001e3dfed8a90 code [0x000001e3dfed8c60, 0x000001e3dfed8eb8]
Event: 5.967 Thread 0x000001e3f6541800 2061       3       sun.reflect.generics.tree.ClassTypeSignature::<init> (10 bytes)
Event: 5.968 Thread 0x000001e3f6541800 nmethod 2061 0x000001e3dfed8f90 code [0x000001e3dfed9140, 0x000001e3dfed92f8]
Event: 5.968 Thread 0x000001e3f6541800 2062       3       java.lang.invoke.VarHandleGuards::guard_LLL_Z (70 bytes)
Event: 5.970 Thread 0x000001e3f6541800 nmethod 2062 0x000001e3dfed9390 code [0x000001e3dfed9640, 0x000001e3dfeda5e8]
Event: 5.970 Thread 0x000001e3f6541800 2063       3       org.gradle.internal.service.DefaultServiceRegistry::assertValidServiceType (51 bytes)
Event: 5.971 Thread 0x000001e3f6541800 nmethod 2063 0x000001e3dfedab10 code [0x000001e3dfedad40, 0x000001e3dfedb288]
Event: 5.974 Thread 0x000001e3f6541800 2065       3       jdk.internal.jimage.ImageStringsReader::hashCode (8 bytes)
Event: 5.974 Thread 0x000001e3f6541800 nmethod 2065 0x000001e3dfedb490 code [0x000001e3dfedb680, 0x000001e3dfedb898]
Event: 5.974 Thread 0x000001e3f6541800 2067  s    3       jdk.internal.jimage.BasicImageReader::findLocation (115 bytes)
Event: 5.975 Thread 0x000001e3f6541800 nmethod 2067 0x000001e3dfedba10 code [0x000001e3dfedbd40, 0x000001e3dfedceb8]
Event: 5.975 Thread 0x000001e3f6541800 2066       3       jdk.internal.module.SystemModuleFinders$SystemModuleReader::find (54 bytes)
Event: 5.977 Thread 0x000001e3f6541800 nmethod 2066 0x000001e3dfedd490 code [0x000001e3dfedd7c0, 0x000001e3dfede7d8]
Event: 5.977 Thread 0x000001e3f6541800 2068       3       java.io.Reader::<init> (27 bytes)
Event: 5.978 Thread 0x000001e3f6541800 nmethod 2068 0x000001e3dfedee10 code [0x000001e3dfedefe0, 0x000001e3dfedf2c8]

GC Heap History (14 events):
Event: 1.004 GC heap before
{Heap before GC invocations=0 (full 0):
 garbage-first heap   total 57344K, used 19456K [0x0000000080000000, 0x0000000100000000)
  region size 1024K, 14 young (14336K), 0 survivors (0K)
 Metaspace       used 6733K, capacity 6921K, committed 7168K, reserved 1056768K
  class space    used 582K, capacity 650K, committed 768K, reserved 1048576K
}
Event: 1.011 GC heap after
{Heap after GC invocations=1 (full 0):
 garbage-first heap   total 57344K, used 8457K [0x0000000080000000, 0x0000000100000000)
  region size 1024K, 2 young (2048K), 2 survivors (2048K)
 Metaspace       used 6733K, capacity 6921K, committed 7168K, reserved 1056768K
  class space    used 582K, capacity 650K, committed 768K, reserved 1048576K
}
Event: 1.657 GC heap before
{Heap before GC invocations=1 (full 0):
 garbage-first heap   total 57344K, used 19721K [0x0000000080000000, 0x0000000100000000)
  region size 1024K, 13 young (13312K), 2 survivors (2048K)
 Metaspace       used 10210K, capacity 10423K, committed 10624K, reserved 1058816K
  class space    used 1064K, capacity 1141K, committed 1152K, reserved 1048576K
}
Event: 1.664 GC heap after
{Heap after GC invocations=2 (full 0):
 garbage-first heap   total 57344K, used 9288K [0x0000000080000000, 0x0000000100000000)
  region size 1024K, 2 young (2048K), 2 survivors (2048K)
 Metaspace       used 10210K, capacity 10423K, committed 10624K, reserved 1058816K
  class space    used 1064K, capacity 1141K, committed 1152K, reserved 1048576K
}
Event: 2.488 GC heap before
{Heap before GC invocations=2 (full 0):
 garbage-first heap   total 57344K, used 29768K [0x0000000080000000, 0x0000000100000000)
  region size 1024K, 22 young (22528K), 2 survivors (2048K)
 Metaspace       used 11098K, capacity 11376K, committed 11520K, reserved 1058816K
  class space    used 1165K, capacity 1245K, committed 1280K, reserved 1048576K
}
Event: 2.492 GC heap after
{Heap after GC invocations=3 (full 0):
 garbage-first heap   total 57344K, used 9814K [0x0000000080000000, 0x0000000100000000)
  region size 1024K, 2 young (2048K), 2 survivors (2048K)
 Metaspace       used 11098K, capacity 11376K, committed 11520K, reserved 1058816K
  class space    used 1165K, capacity 1245K, committed 1280K, reserved 1048576K
}
Event: 2.950 GC heap before
{Heap before GC invocations=3 (full 0):
 garbage-first heap   total 57344K, used 35414K [0x0000000080000000, 0x0000000100000000)
  region size 1024K, 27 young (27648K), 2 survivors (2048K)
 Metaspace       used 11532K, capacity 11752K, committed 11904K, reserved 1060864K
  class space    used 1253K, capacity 1349K, committed 1408K, reserved 1048576K
}
Event: 2.961 GC heap after
{Heap after GC invocations=4 (full 0):
 garbage-first heap   total 57344K, used 13804K [0x0000000080000000, 0x0000000100000000)
  region size 1024K, 4 young (4096K), 4 survivors (4096K)
 Metaspace       used 11532K, capacity 11752K, committed 11904K, reserved 1060864K
  class space    used 1253K, capacity 1349K, committed 1408K, reserved 1048576K
}
Event: 4.693 GC heap before
{Heap before GC invocations=4 (full 0):
 garbage-first heap   total 57344K, used 38380K [0x0000000080000000, 0x0000000100000000)
  region size 1024K, 28 young (28672K), 4 survivors (4096K)
 Metaspace       used 17754K, capacity 18155K, committed 18432K, reserved 1064960K
  class space    used 2099K, capacity 2249K, committed 2304K, reserved 1048576K
}
Event: 4.701 GC heap after
{Heap after GC invocations=5 (full 0):
 garbage-first heap   total 57344K, used 16209K [0x0000000080000000, 0x0000000100000000)
  region size 1024K, 3 young (3072K), 3 survivors (3072K)
 Metaspace       used 17754K, capacity 18155K, committed 18432K, reserved 1064960K
  class space    used 2099K, capacity 2249K, committed 2304K, reserved 1048576K
}
Event: 5.047 GC heap before
{Heap before GC invocations=5 (full 0):
 garbage-first heap   total 57344K, used 37713K [0x0000000080000000, 0x0000000100000000)
  region size 1024K, 26 young (26624K), 3 survivors (3072K)
 Metaspace       used 20589K, capacity 21091K, committed 21248K, reserved 1067008K
  class space    used 2515K, capacity 2701K, committed 2816K, reserved 1048576K
}
Event: 5.056 GC heap after
{Heap after GC invocations=6 (full 0):
 garbage-first heap   total 69632K, used 16962K [0x0000000080000000, 0x0000000100000000)
  region size 1024K, 1 young (1024K), 1 survivors (1024K)
 Metaspace       used 20589K, capacity 21091K, committed 21248K, reserved 1067008K
  class space    used 2515K, capacity 2701K, committed 2816K, reserved 1048576K
}
Event: 5.919 GC heap before
{Heap before GC invocations=7 (full 0):
 garbage-first heap   total 69632K, used 44610K [0x0000000080000000, 0x0000000100000000)
  region size 1024K, 29 young (29696K), 1 survivors (1024K)
 Metaspace       used 23509K, capacity 24054K, committed 24320K, reserved 1071104K
  class space    used 2994K, capacity 3203K, committed 3328K, reserved 1048576K
}
Event: 5.923 GC heap after
{Heap after GC invocations=8 (full 0):
 garbage-first heap   total 69632K, used 17515K [0x0000000080000000, 0x0000000100000000)
  region size 1024K, 2 young (2048K), 2 survivors (2048K)
 Metaspace       used 23509K, capacity 24054K, committed 24320K, reserved 1071104K
  class space    used 2994K, capacity 3203K, committed 3328K, reserved 1048576K
}

Deoptimization events (20 events):
Event: 5.138 Thread 0x000001e3f81f7000 Uncommon trap: trap_request=0xffffff4d fr.pc=0x000001e3e6fee82c relative=0x00000000000001ec
Event: 5.138 Thread 0x000001e3f81f7000 Uncommon trap: reason=unstable_if action=reinterpret pc=0x000001e3e6fee82c method=java.util.HashMap.getNode(ILjava/lang/Object;)Ljava/util/HashMap$Node; @ 129 c2
Event: 5.138 Thread 0x000001e3f81f7000 DEOPT PACKING pc=0x000001e3e6fee82c sp=0x0000009499dfc050
Event: 5.138 Thread 0x000001e3f81f7000 DEOPT UNPACKING pc=0x000001e3df5278af sp=0x0000009499dfbfd8 mode 2
Event: 5.493 Thread 0x000001e3f81f7000 Uncommon trap: trap_request=0xffffff4d fr.pc=0x000001e3e70349b0 relative=0x0000000000000b90
Event: 5.493 Thread 0x000001e3f81f7000 Uncommon trap: reason=unstable_if action=reinterpret pc=0x000001e3e70349b0 method=java.util.Properties$LineReader.readLine()I @ 249 c2
Event: 5.493 Thread 0x000001e3f81f7000 DEOPT PACKING pc=0x000001e3e70349b0 sp=0x0000009499dfc060
Event: 5.493 Thread 0x000001e3f81f7000 DEOPT UNPACKING pc=0x000001e3df5278af sp=0x0000009499dfbff0 mode 2
Event: 5.766 Thread 0x000001e3f81f7000 Uncommon trap: trap_request=0xffffffc6 fr.pc=0x000001e3e7080f58 relative=0x00000000000007b8
Event: 5.766 Thread 0x000001e3f81f7000 Uncommon trap: reason=bimorphic_or_optimized_type_check action=maybe_recompile pc=0x000001e3e7080f58 method=java.util.HashMap.putVal(ILjava/lang/Object;Ljava/lang/Object;ZZ)Ljava/lang/Object; @ 203 c2
Event: 5.766 Thread 0x000001e3f81f7000 DEOPT PACKING pc=0x000001e3e7080f58 sp=0x0000009499dfce30
Event: 5.766 Thread 0x000001e3f81f7000 DEOPT UNPACKING pc=0x000001e3df5278af sp=0x0000009499dfcd58 mode 2
Event: 5.781 Thread 0x000001e3f81f7000 Uncommon trap: trap_request=0xffffff4d fr.pc=0x000001e3e7023b54 relative=0x0000000000000094
Event: 5.781 Thread 0x000001e3f81f7000 Uncommon trap: reason=unstable_if action=reinterpret pc=0x000001e3e7023b54 method=java.util.LinkedHashMap.afterNodeInsertion(Z)V @ 1 c2
Event: 5.781 Thread 0x000001e3f81f7000 DEOPT PACKING pc=0x000001e3e7023b54 sp=0x0000009499dfcaa0
Event: 5.781 Thread 0x000001e3f81f7000 DEOPT UNPACKING pc=0x000001e3df5278af sp=0x0000009499dfca20 mode 2
Event: 5.785 Thread 0x000001e3f81f7000 Uncommon trap: trap_request=0xffffff4d fr.pc=0x000001e3e705e468 relative=0x0000000000000228
Event: 5.785 Thread 0x000001e3f81f7000 Uncommon trap: reason=unstable_if action=reinterpret pc=0x000001e3e705e468 method=java.util.concurrent.ConcurrentHashMap.get(Ljava/lang/Object;)Ljava/lang/Object; @ 76 c2
Event: 5.785 Thread 0x000001e3f81f7000 DEOPT PACKING pc=0x000001e3e705e468 sp=0x0000009499dfabd0
Event: 5.785 Thread 0x000001e3f81f7000 DEOPT UNPACKING pc=0x000001e3df5278af sp=0x0000009499dfab38 mode 2

Classes redefined (0 events):
No events

Internal exceptions (20 events):
Event: 4.604 Thread 0x000001e3f81f7000 Exception <a 'java/lang/NoSuchMethodError'{0x0000000082513778}: 'long java.lang.invoke.DirectMethodHandle$Holder.invokeInterface(java.lang.Object, java.lang.Object)'> (0x0000000082513778) thrown at [./src/hotspot/share/interpreter/linkResolver.cpp, line 773]
Event: 4.609 Thread 0x000001e3f81f7000 Exception <a 'java/lang/NoSuchMethodError'{0x00000000825364c0}: 'void java.lang.invoke.DelegatingMethodHandle$Holder.reinvoke_L(java.lang.Object, java.lang.Object, java.lang.Object, java.lang.Object, java.lang.Object, java.lang.Object, java.lang.Object)'> (0x00000000825364c0) thrown at [./src/hotspot/share/interpreter/linkResolver.cpp, line 773]
Event: 4.821 Thread 0x000001e3f81f7000 Exception <a 'java/lang/NoSuchMethodError'{0x0000000082d79ea8}: 'java.lang.Object java.lang.invoke.DirectMethodHandle$Holder.invokeVirtual(java.lang.Object, java.lang.Object, java.lang.Object)'> (0x0000000082d79ea8) thrown at [./src/hotspot/share/interpreter/linkResolver.cpp, line 773]
Event: 4.866 Thread 0x000001e3f81f7000 Exception <a 'java/lang/NoSuchMethodError'{0x00000000829220a8}: 'void java.lang.invoke.DirectMethodHandle$Holder.invokeInterface(java.lang.Object, java.lang.Object)'> (0x00000000829220a8) thrown at [./src/hotspot/share/interpreter/linkResolver.cpp, line 773]
Event: 4.866 Thread 0x000001e3f81f7000 Exception <a 'java/lang/IncompatibleClassChangeError'{0x0000000082925258}: Found class java.lang.Object, but interface was expected> (0x0000000082925258) thrown at [./src/hotspot/share/interpreter/linkResolver.cpp, line 839]
Event: 4.899 Thread 0x000001e3f81f7000 Exception <a 'java/lang/NoSuchMethodError'{0x000000008289aed0}: 'void java.lang.invoke.DirectMethodHandle$Holder.invokeStaticInit(java.lang.Object)'> (0x000000008289aed0) thrown at [./src/hotspot/share/interpreter/linkResolver.cpp, line 773]
Event: 4.957 Thread 0x000001e3f81f7000 Exception <a 'java/lang/NoSuchMethodError'{0x000000008250d840}: 'java.lang.Object java.lang.invoke.DirectMethodHandle$Holder.invokeStatic(java.lang.Object, java.lang.Object, java.lang.Object, int)'> (0x000000008250d840) thrown at [./src/hotspot/share/interpreter/linkResolver.cpp, line 773]
Event: 4.958 Thread 0x000001e3f81f7000 Exception <a 'java/lang/NoSuchMethodError'{0x0000000082511a08}: 'java.lang.Object java.lang.invoke.DirectMethodHandle$Holder.invokeSpecial(java.lang.Object, java.lang.Object, java.lang.Object, java.lang.Object, int)'> (0x0000000082511a08) thrown at [./src/hotspot/share/interpreter/linkResolver.cpp, line 773]
Event: 4.958 Thread 0x000001e3f81f7000 Exception <a 'java/lang/NoSuchMethodError'{0x00000000825153f0}: 'java.lang.Object java.lang.invoke.Invokers$Holder.linkToTargetMethod(java.lang.Object, java.lang.Object, int, java.lang.Object)'> (0x00000000825153f0) thrown at [./src/hotspot/share/interpreter/linkResolver.cpp, line 773]
Event: 5.082 Thread 0x000001e3f81f7000 Exception <a 'java/lang/NoSuchMethodError'{0x00000000843973a0}: 'int java.lang.invoke.DirectMethodHandle$Holder.invokeSpecialIFC(java.lang.Object, java.lang.Object, java.lang.Object, java.lang.Object)'> (0x00000000843973a0) thrown at [./src/hotspot/share/interpreter/linkResolver.cpp, line 773]
Event: 5.084 Thread 0x000001e3f81f7000 Exception <a 'java/lang/NoSuchMethodError'{0x00000000843a5160}: 'java.lang.Object java.lang.invoke.DirectMethodHandle$Holder.invokeInterface(java.lang.Object, java.lang.Object, java.lang.Object)'> (0x00000000843a5160) thrown at [./src/hotspot/share/interpreter/linkResolver.cpp, line 773]
Event: 5.085 Thread 0x000001e3f81f7000 Exception <a 'java/lang/IncompatibleClassChangeError'{0x00000000843a8668}: Found class java.lang.Object, but interface was expected> (0x00000000843a8668) thrown at [./src/hotspot/share/interpreter/linkResolver.cpp, line 839]
Event: 5.099 Thread 0x000001e3f81f7000 Exception <a 'java/lang/NoSuchMethodError'{0x000000008425ee10}: 'void java.lang.invoke.DirectMethodHandle$Holder.invokeStatic(java.lang.Object, java.lang.Object, java.lang.Object, java.lang.Object, java.lang.Object)'> (0x000000008425ee10) thrown at [./src/hotspot/share/interpreter/linkResolver.cpp, line 773]
Event: 5.517 Thread 0x000001e3f81f7000 Exception <a 'java/lang/NoSuchMethodError'{0x0000000083d413a8}: 'void java.lang.invoke.DirectMethodHandle$Holder.invokeSpecial(java.lang.Object, java.lang.Object)'> (0x0000000083d413a8) thrown at [./src/hotspot/share/interpreter/linkResolver.cpp, line 773]
Event: 5.566 Thread 0x000001e3f81f7000 Exception <a 'java/lang/NoSuchMethodError'{0x0000000083b7bbe0}: 'java.lang.Object java.lang.invoke.DirectMethodHandle$Holder.invokeSpecial(java.lang.Object, java.lang.Object, java.lang.Object, java.lang.Object, java.lang.Object, java.lang.Object, java.lang.Object, java.lang.Object, java.lang.Object)'> (0x0000000083b7bbe0) thrown at [./src/hotspot/share/interpreter/linkResolver.cpp, line 773]
Event: 5.697 Thread 0x000001e3f81f7000 Exception <a 'java/lang/NoSuchMethodError'{0x0000000083113db8}: 'java.lang.Object java.lang.invoke.DirectMethodHandle$Holder.invokeVirtual(java.lang.Object, java.lang.Object, java.lang.Object, java.lang.Object)'> (0x0000000083113db8) thrown at [./src/hotspot/share/interpreter/linkResolver.cpp, line 773]
Event: 5.733 Thread 0x000001e3f81f7000 Exception <a 'java/lang/NoSuchMethodError'{0x0000000082fdd138}: 'java.lang.Object java.lang.invoke.Invokers$Holder.invoker(java.lang.Object, java.lang.Object, java.lang.Object, java.lang.Object, java.lang.Object)'> (0x0000000082fdd138) thrown at [./src/hotspot/share/interpreter/linkResolver.cpp, line 773]
Event: 5.855 Thread 0x000001e3f81f7000 Exception <a 'java/lang/NoSuchMethodError'{0x0000000082a2e108}: 'void java.lang.invoke.DirectMethodHandle$Holder.invokeSpecial(java.lang.Object, java.lang.Object, java.lang.Object, java.lang.Object, java.lang.Object, java.lang.Object)'> (0x0000000082a2e108) thrown at [./src/hotspot/share/interpreter/linkResolver.cpp, line 773]
Event: 5.878 Thread 0x000001e3f81f7000 Exception <a 'java/lang/NoSuchMethodError'{0x0000000082a9be60}: 'void java.lang.invoke.DirectMethodHandle$Holder.invokeSpecial(java.lang.Object, java.lang.Object, java.lang.Object, java.lang.Object, java.lang.Object, java.lang.Object, java.lang.Object)'> (0x0000000082a9be60) thrown at [./src/hotspot/share/interpreter/linkResolver.cpp, line 773]
Event: 5.879 Thread 0x000001e3f81f7000 Exception <a 'java/lang/NoSuchMethodError'{0x0000000082aa40a8}: 'java.lang.Object java.lang.invoke.Invokers$Holder.linkToTargetMethod(java.lang.Object, java.lang.Object, java.lang.Object, java.lang.Object, java.lang.Object, java.lang.Object)'> (0x0000000082aa40a8) thrown at [./src/hotspot/share/interpreter/linkResolver.cpp, line 773]

Events (20 events):
Event: 6.027 loading class kotlin/reflect/jvm/internal/KCallableImpl$_typeParameters$1
Event: 6.027 loading class kotlin/reflect/jvm/internal/KCallableImpl$_typeParameters$1 done
Event: 6.028 loading class kotlin/reflect/jvm/internal/KPropertyImpl$_javaField$1
Event: 6.028 loading class kotlin/reflect/jvm/internal/KPropertyImpl$_javaField$1 done
Event: 6.029 loading class kotlin/reflect/jvm/internal/KPropertyImpl$_descriptor$1
Event: 6.029 loading class kotlin/reflect/jvm/internal/KPropertyImpl$_descriptor$1 done
Event: 6.030 loading class kotlin/reflect/jvm/internal/KProperty0Impl$_getter$1
Event: 6.030 loading class kotlin/reflect/jvm/internal/KProperty0Impl$_getter$1 done
Event: 6.030 loading class kotlin/reflect/jvm/internal/KProperty0Impl$delegateFieldValue$1
Event: 6.030 loading class kotlin/reflect/jvm/internal/KProperty0Impl$delegateFieldValue$1 done
Event: 6.031 loading class kotlin/SafePublicationLazyImpl
Event: 6.031 loading class kotlin/SafePublicationLazyImpl done
Event: 6.032 loading class kotlin/SafePublicationLazyImpl$Companion
Event: 6.032 loading class kotlin/SafePublicationLazyImpl$Companion done
Event: 6.033 loading class org/gradle/initialization/DefaultGradlePropertiesLoader
Event: 6.033 loading class org/gradle/initialization/DefaultGradlePropertiesLoader done
Event: 6.035 loading class org/gradle/initialization/DefaultGradlePropertiesController
Event: 6.035 loading class org/gradle/initialization/DefaultGradlePropertiesController done
Event: 6.035 loading class org/gradle/initialization/DefaultGradlePropertiesController$State
Event: 6.035 loading class org/gradle/initialization/DefaultGradlePropertiesController$State done


Dynamic libraries:
0x00007ff64ba30000 - 0x00007ff64ba3a000 	C:\Program Files\Android\Android Studio\jre\bin\java.exe
0x00007ffa4db90000 - 0x00007ffa4dd85000 	C:\Windows\SYSTEM32\ntdll.dll
0x00007ffa4cf50000 - 0x00007ffa4d00e000 	C:\Windows\System32\KERNEL32.DLL
0x00007ffa4b680000 - 0x00007ffa4b948000 	C:\Windows\System32\KERNELBASE.dll
0x00007ffa4b330000 - 0x00007ffa4b430000 	C:\Windows\System32\ucrtbase.dll
0x00007ffa27760000 - 0x00007ffa27777000 	C:\Program Files\Android\Android Studio\jre\bin\VCRUNTIME140.dll
0x00007ffa247a0000 - 0x00007ffa247b9000 	C:\Program Files\Android\Android Studio\jre\bin\jli.dll
0x00007ffa4d010000 - 0x00007ffa4d1b0000 	C:\Windows\System32\USER32.dll
0x00007ffa4bbb0000 - 0x00007ffa4bbd2000 	C:\Windows\System32\win32u.dll
0x00007ffa4c5c0000 - 0x00007ffa4c5eb000 	C:\Windows\System32\GDI32.dll
0x00007ffa4baa0000 - 0x00007ffa4bbad000 	C:\Windows\System32\gdi32full.dll
0x00007ffa4b430000 - 0x00007ffa4b4cd000 	C:\Windows\System32\msvcp_win.dll
0x00007ffa3b290000 - 0x00007ffa3b52a000 	C:\Windows\WinSxS\amd64_microsoft.windows.common-controls_6595b64144ccf1df_6.0.19041.1110_none_60b5254171f9507e\COMCTL32.dll
0x00007ffa4c040000 - 0x00007ffa4c0de000 	C:\Windows\System32\msvcrt.dll
0x00007ffa4bbe0000 - 0x00007ffa4bc10000 	C:\Windows\System32\IMM32.DLL
0x00007ffa08b30000 - 0x00007ffa08bcd000 	C:\Program Files\Android\Android Studio\jre\bin\msvcp140.dll
0x00007ff9fcb20000 - 0x00007ff9fd5ef000 	C:\Program Files\Android\Android Studio\jre\bin\server\jvm.dll
0x00007ffa4d1b0000 - 0x00007ffa4d25e000 	C:\Windows\System32\ADVAPI32.dll
0x00007ffa4bf40000 - 0x00007ffa4bfdc000 	C:\Windows\System32\sechost.dll
0x00007ffa4be10000 - 0x00007ffa4bf35000 	C:\Windows\System32\RPCRT4.dll
0x00007ffa4cb30000 - 0x00007ffa4cb38000 	C:\Windows\System32\PSAPI.DLL
0x00007ffa37d30000 - 0x00007ffa37d39000 	C:\Windows\SYSTEM32\WSOCK32.dll
0x00007ffa4dae0000 - 0x00007ffa4db4b000 	C:\Windows\System32\WS2_32.dll
0x00007ffa41e20000 - 0x00007ffa41e2a000 	C:\Windows\SYSTEM32\VERSION.dll
0x00007ffa41df0000 - 0x00007ffa41e17000 	C:\Windows\SYSTEM32\WINMM.dll
0x00007ffa49190000 - 0x00007ffa491a2000 	C:\Windows\SYSTEM32\kernel.appcore.dll
0x00007ffa3fc10000 - 0x00007ffa3fc21000 	C:\Program Files\Android\Android Studio\jre\bin\verify.dll
0x00007ffa37a70000 - 0x00007ffa37c54000 	C:\Windows\SYSTEM32\DBGHELP.DLL
0x00007ffa37cc0000 - 0x00007ffa37cec000 	C:\Windows\SYSTEM32\dbgcore.DLL
0x00007ffa4b2a0000 - 0x00007ffa4b322000 	C:\Windows\System32\bcryptPrimitives.dll
0x00007ffa3e270000 - 0x00007ffa3e299000 	C:\Program Files\Android\Android Studio\jre\bin\java.dll
0x00007ffa40050000 - 0x00007ffa4005b000 	C:\Program Files\Android\Android Studio\jre\bin\jimage.dll
0x00007ffa3f760000 - 0x00007ffa3f778000 	C:\Program Files\Android\Android Studio\jre\bin\zip.dll
0x00007ffa4d390000 - 0x00007ffa4dad4000 	C:\Windows\System32\SHELL32.dll
0x00007ffa49390000 - 0x00007ffa49b24000 	C:\Windows\SYSTEM32\windows.storage.dll
0x00007ffa4c190000 - 0x00007ffa4c4e5000 	C:\Windows\System32\combase.dll
0x00007ffa4ac20000 - 0x00007ffa4ac4e000 	C:\Windows\SYSTEM32\Wldp.dll
0x00007ffa4c0e0000 - 0x00007ffa4c18d000 	C:\Windows\System32\SHCORE.dll
0x00007ffa4cc60000 - 0x00007ffa4ccb5000 	C:\Windows\System32\shlwapi.dll
0x00007ffa4b1e0000 - 0x00007ffa4b1ff000 	C:\Windows\SYSTEM32\profapi.dll
0x00007ffa3f1d0000 - 0x00007ffa3f1ea000 	C:\Program Files\Android\Android Studio\jre\bin\net.dll
0x00007ffa3d220000 - 0x00007ffa3d32c000 	C:\Windows\SYSTEM32\WINHTTP.dll
0x00007ffa4a980000 - 0x00007ffa4a9ea000 	C:\Windows\system32\mswsock.dll
0x00007ffa3eb90000 - 0x00007ffa3eba4000 	C:\Program Files\Android\Android Studio\jre\bin\nio.dll
0x00007ffa3f220000 - 0x00007ffa3f247000 	C:\Users\atola\.gradle\native\8bec1ad78214c89d9ad589b4d07fe93259594b29d510b10fafb7a158f7737e5d\windows-amd64\native-platform.dll
0x00007ffa1bcd0000 - 0x00007ffa1be0d000 	C:\Users\atola\.gradle\native\53dbd7edfb1c66fb8903c78663c9afc45aea4f116125fa6feffd364cf09443e8\windows-amd64\native-platform-file-events.dll
0x00007ffa3fd50000 - 0x00007ffa3fd5a000 	C:\Program Files\Android\Android Studio\jre\bin\management.dll
0x00007ffa3f160000 - 0x00007ffa3f16c000 	C:\Program Files\Android\Android Studio\jre\bin\management_ext.dll
0x00007ffa4ab80000 - 0x00007ffa4ab98000 	C:\Windows\SYSTEM32\CRYPTSP.dll
0x00007ffa4a300000 - 0x00007ffa4a334000 	C:\Windows\system32\rsaenh.dll
0x00007ffa4ba70000 - 0x00007ffa4ba97000 	C:\Windows\System32\bcrypt.dll
0x00007ffa4b160000 - 0x00007ffa4b18e000 	C:\Windows\SYSTEM32\USERENV.dll
0x00007ffa4ab70000 - 0x00007ffa4ab7c000 	C:\Windows\SYSTEM32\CRYPTBASE.dll
0x00007ffa4a670000 - 0x00007ffa4a6ab000 	C:\Windows\SYSTEM32\IPHLPAPI.DLL
0x00007ffa4cc50000 - 0x00007ffa4cc58000 	C:\Windows\System32\NSI.dll
0x00007ffa443b0000 - 0x00007ffa443c7000 	C:\Windows\SYSTEM32\dhcpcsvc6.DLL
0x00007ffa42b70000 - 0x00007ffa42b8d000 	C:\Windows\SYSTEM32\dhcpcsvc.DLL
0x00007ffa4a6b0000 - 0x00007ffa4a77b000 	C:\Windows\SYSTEM32\DNSAPI.dll

dbghelp: loaded successfully - version: 4.0.5 - missing functions: none
symbol engine: initialized successfully - sym options: 0x614 - pdb path: .;C:\Program Files\Android\Android Studio\jre\bin;C:\Windows\SYSTEM32;C:\Windows\WinSxS\amd64_microsoft.windows.common-controls_6595b64144ccf1df_6.0.19041.1110_none_60b5254171f9507e;C:\Program Files\Android\Android Studio\jre\bin\server;C:\Users\atola\.gradle\native\8bec1ad78214c89d9ad589b4d07fe93259594b29d510b10fafb7a158f7737e5d\windows-amd64;C:\Users\atola\.gradle\native\53dbd7edfb1c66fb8903c78663c9afc45aea4f116125fa6feffd364cf09443e8\windows-amd64

VM Arguments:
jvm_args: --add-opens=java.base/java.util=ALL-UNNAMED --add-opens=java.base/java.lang=ALL-UNNAMED --add-opens=java.base/java.lang.invoke=ALL-UNNAMED --add-opens=java.base/java.util=ALL-UNNAMED --add-opens=java.prefs/java.util.prefs=ALL-UNNAMED --add-opens=java.prefs/java.util.prefs=ALL-UNNAMED --add-opens=java.base/java.nio.charset=ALL-UNNAMED --add-opens=java.base/java.net=ALL-UNNAMED --add-opens=java.base/java.util.concurrent.atomic=ALL-UNNAMED -Xmx2048m -Dfile.encoding=UTF-8 -Duser.country=GB -Duser.language=en -Duser.variant 
java_command: org.gradle.launcher.daemon.bootstrap.GradleDaemon 7.0.2
java_class_path (initial): C:\Users\atola\.gradle\wrapper\dists\gradle-7.0.2-bin\857tjihv64xamwrf0h14cai3r\gradle-7.0.2\lib\gradle-launcher-7.0.2.jar
Launcher Type: SUN_STANDARD

[Global flags]
     intx CICompilerCount                          = 3                                         {product} {ergonomic}
     uint ConcGCThreads                            = 1                                         {product} {ergonomic}
     uint G1ConcRefinementThreads                  = 4                                         {product} {ergonomic}
   size_t G1HeapRegionSize                         = 1048576                                   {product} {ergonomic}
    uintx GCDrainStackTargetSize                   = 64                                        {product} {ergonomic}
   size_t InitialHeapSize                          = 58720256                                  {product} {ergonomic}
   size_t MarkStackSize                            = 4194304                                   {product} {ergonomic}
   size_t MaxHeapSize                              = 2147483648                                {product} {command line}
   size_t MaxNewSize                               = 1287651328                                {product} {ergonomic}
   size_t MinHeapDeltaBytes                        = 1048576                                   {product} {ergonomic}
    uintx NonNMethodCodeHeapSize                   = 5830732                                {pd product} {ergonomic}
    uintx NonProfiledCodeHeapSize                  = 122913754                              {pd product} {ergonomic}
    uintx ProfiledCodeHeapSize                     = 122913754                              {pd product} {ergonomic}
    uintx ReservedCodeCacheSize                    = 251658240                              {pd product} {ergonomic}
     bool SegmentedCodeCache                       = true                                      {product} {ergonomic}
     bool UseCompressedClassPointers               = true                                 {lp64_product} {ergonomic}
     bool UseCompressedOops                        = true                                 {lp64_product} {ergonomic}
     bool UseG1GC                                  = true                                      {product} {ergonomic}
     bool UseLargePagesIndividualAllocation        = false                                  {pd product} {ergonomic}

Logging:
Log output configuration:
 #0: stdout all=warning uptime,level,tags
 #1: stderr all=off uptime,level,tags

Environment Variables:
JAVA_HOME=C:\Program Files\jdk-13.0.2
PATH=C:\Windows\system32;C:\Windows;C:\Windows\System32\Wbem;C:\Windows\System32\WindowsPowerShell\v1.0\;C:\Windows\System32\OpenSSH\;C:\Program Files\jdk-13.0.2\bin;C:\Program Files\Git\cmd;C:\msys64\mingw64\bin;C:\Program Files\MongoDB\Server\5.0\bin\;C:\Program Files\CodeBlocks\MinGW\bin;C:\Users\atola\AppData\Local\bin\NASM;C:\Program Files\PostgreSQL\14\bin;C:\Program Files\PostgreSQL\14\scripts;C:\Users\atola\AppData\Local\Android\Sdk\platform-tools;C:\Users\atola\Downloads\jdt-language-server-latest;C:\Users\atola\Downloads\apache-maven-3.8.5-bin\apache-maven-3.8.5\bin;C:\Users\atola\AppData\Local\Microsoft\WindowsApps;C:\Program Files\JetBrains\IntelliJ IDEA Community Edition 2020.3.2\bin;;C:\Users\atola\Downloads\flutter_windows_2.5.2-stable\flutter\bin;C:\Users\atola\AppData\Local\Programs\Microsoft VS Code\bin
USERNAME=atola
OS=Windows_NT
PROCESSOR_IDENTIFIER=AMD64 Family 23 Model 24 Stepping 1, AuthenticAMD



---------------  S Y S T E M  ---------------

OS: Windows 10 , 64 bit Build 19041 (10.0.19041.1503)
OS uptime: 26 days 12:24 hours

CPU:total 4 (initial active 4) (4 cores per cpu, 2 threads per core) family 23 model 24 stepping 1 microcode 0x0, cmov, cx8, fxsr, mmx, sse, sse2, sse3, ssse3, sse4.1, sse4.2, popcnt, avx, avx2, aes, clmul, mmxext, 3dnowpref, lzcnt, sse4a, ht, tsc, tscinvbit, tscinv, bmi1, bmi2, adx, s

Memory: 4k page, system-wide physical 3522M (101M free)
TotalPageFile size 14274M (AvailPageFile size 3M)
current process WorkingSet (physical memory assigned to process): 159M, peak: 159M
current process commit charge ("private bytes"): 199M, peak: 200M

vm_info: OpenJDK 64-Bit Server VM (11.0.10+0-b96-7249189) for windows-amd64 JRE (11.0.10+0-b96-7249189), built on Mar 31 2021 21:44:00 by "builder" with MS VC++ 14.0 (VS2015)

END.
