#
# There is insufficient memory for the Java Runtime Environment to continue.
# Native memory allocation (malloc) failed to allocate 729136 bytes for Chunk::new
# Possible reasons:
#   The system is out of physical RAM or swap space
#   The process is running with CompressedOops enabled, and the Java Heap may be blocking the growth of the native heap
# Possible solutions:
#   Reduce memory load on the system
#   Increase physical memory or swap space
#   Check if swap backing store is full
#   Decrease Java heap size (-Xmx/-Xms)
#   Decrease number of Java threads
#   Decrease Java thread stack sizes (-Xss)
#   Set larger code cache with -XX:ReservedCodeCacheSize=
#   JVM is running with Unscaled Compressed Oops mode in which the Java heap is
#     placed in the first 4GB address space. The Java Heap base address is the
#     maximum limit for the native heap growth. Please use -XX:HeapBaseMinAddress
#     to set the Java Heap base and to place the Java Heap above 4GB virtual address.
# This output file may be truncated or incomplete.
#
#  Out of Memory Error (./src/hotspot/share/memory/arena.cpp:197), pid=13052, tid=5876
#
# JRE version: OpenJDK Runtime Environment (11.0.10) (build 11.0.10+0-b96-7249189)
# Java VM: OpenJDK 64-Bit Server VM (11.0.10+0-b96-7249189, mixed mode, tiered, compressed oops, g1 gc, windows-amd64)
# No core dump will be written. Minidumps are not enabled by default on client versions of Windows
#

---------------  S U M M A R Y ------------

Command Line: --add-opens=java.base/java.util=ALL-UNNAMED --add-opens=java.base/java.lang=ALL-UNNAMED --add-opens=java.base/java.lang.invoke=ALL-UNNAMED --add-opens=java.base/java.util=ALL-UNNAMED --add-opens=java.prefs/java.util.prefs=ALL-UNNAMED --add-opens=java.prefs/java.util.prefs=ALL-UNNAMED --add-opens=java.base/java.nio.charset=ALL-UNNAMED --add-opens=java.base/java.net=ALL-UNNAMED --add-opens=java.base/java.util.concurrent.atomic=ALL-UNNAMED -Xmx2048m -Dfile.encoding=UTF-8 -Duser.country=GB -Duser.language=en -Duser.variant org.gradle.launcher.daemon.bootstrap.GradleDaemon 7.0.2

Host: AMD Ryzen 3 3200U with Radeon Vega Mobile Gfx  , 4 cores, 3G,  Windows 10 , 64 bit Build 19041 (10.0.19041.1503)
Time: Wed Apr 20 06:01:14 2022 W. Central Africa Standard Time elapsed time: 9.579937 seconds (0d 0h 0m 9s)

---------------  T H R E A D  ---------------

Current thread (0x000001d8c6179000):  JavaThread "C2 CompilerThread0" daemon [_thread_in_native, id=5876, stack(0x0000008966100000,0x0000008966200000)]


Current CompileTask:
C2:   9580 2007   !   4       java.lang.ClassLoader::loadClass (122 bytes)

Stack: [0x0000008966100000,0x0000008966200000]
Native frames: (J=compiled Java code, j=interpreted, Vv=VM code, C=native code)
V  [jvm.dll+0x5ecfaa]
V  [jvm.dll+0x722bd5]
V  [jvm.dll+0x72412d]
V  [jvm.dll+0x7247e3]
V  [jvm.dll+0x242928]
V  [jvm.dll+0xbc4fc]
V  [jvm.dll+0xbca0c]
V  [jvm.dll+0x2b4fd4]
V  [jvm.dll+0x506028]
V  [jvm.dll+0x203253]
V  [jvm.dll+0x1fd07c]
V  [jvm.dll+0x1fa77f]
V  [jvm.dll+0x18354c]
V  [jvm.dll+0x208ee7]
V  [jvm.dll+0x207731]
V  [jvm.dll+0x6eb1cf]
V  [jvm.dll+0x6e3d45]
V  [jvm.dll+0x5ebe96]
C  [ucrtbase.dll+0x21bb2]
C  [KERNEL32.DLL+0x17034]
C  [ntdll.dll+0x52651]


---------------  P R O C E S S  ---------------

Threads class SMR info:
_java_thread_list=0x000001d8c85abfd0, length=23, elements={
0x000001d8abd8b800, 0x000001d8c6118800, 0x000001d8c6121800, 0x000001d8c6171800,
0x000001d8c6175800, 0x000001d8c6178000, 0x000001d8c6179000, 0x000001d8c61ad000,
0x000001d8c61ae000, 0x000001d8c63dd000, 0x000001d8c793e800, 0x000001d8c7768800,
0x000001d8c7931800, 0x000001d8c7634800, 0x000001d8c7c81800, 0x000001d8c7e7e000,
0x000001d8c832a800, 0x000001d8c8489000, 0x000001d8c6592800, 0x000001d8c845f000,
0x000001d8c845e800, 0x000001d8c845d800, 0x000001d8c8464000
}

Java Threads: ( => current thread )
  0x000001d8abd8b800 JavaThread "main" [_thread_blocked, id=10052, stack(0x0000008965500000,0x0000008965600000)]
  0x000001d8c6118800 JavaThread "Reference Handler" daemon [_thread_blocked, id=13428, stack(0x0000008965c00000,0x0000008965d00000)]
  0x000001d8c6121800 JavaThread "Finalizer" daemon [_thread_blocked, id=7600, stack(0x0000008965d00000,0x0000008965e00000)]
  0x000001d8c6171800 JavaThread "Signal Dispatcher" daemon [_thread_blocked, id=14284, stack(0x0000008965e00000,0x0000008965f00000)]
  0x000001d8c6175800 JavaThread "Attach Listener" daemon [_thread_blocked, id=13344, stack(0x0000008965f00000,0x0000008966000000)]
  0x000001d8c6178000 JavaThread "Service Thread" daemon [_thread_blocked, id=8096, stack(0x0000008966000000,0x0000008966100000)]
=>0x000001d8c6179000 JavaThread "C2 CompilerThread0" daemon [_thread_in_native, id=5876, stack(0x0000008966100000,0x0000008966200000)]
  0x000001d8c61ad000 JavaThread "C1 CompilerThread0" daemon [_thread_in_native, id=13472, stack(0x0000008966200000,0x0000008966300000)]
  0x000001d8c61ae000 JavaThread "Sweeper thread" daemon [_thread_blocked, id=13356, stack(0x0000008966300000,0x0000008966400000)]
  0x000001d8c63dd000 JavaThread "Common-Cleaner" daemon [_thread_blocked, id=13008, stack(0x0000008966400000,0x0000008966500000)]
  0x000001d8c793e800 JavaThread "Daemon health stats" [_thread_blocked, id=4900, stack(0x0000008966700000,0x0000008966800000)]
  0x000001d8c7768800 JavaThread "Incoming local TCP Connector on port 55347" [_thread_in_native, id=13796, stack(0x0000008966800000,0x0000008966900000)]
  0x000001d8c7931800 JavaThread "Daemon periodic checks" [_thread_blocked, id=1252, stack(0x0000008966900000,0x0000008966a00000)]
  0x000001d8c7634800 JavaThread "Daemon" [_thread_blocked, id=14192, stack(0x0000008966a00000,0x0000008966b00000)]
  0x000001d8c7c81800 JavaThread "Handler for socket connection from /127.0.0.1:55347 to /127.0.0.1:55348" [_thread_in_native, id=2972, stack(0x0000008966b00000,0x0000008966c00000)]
  0x000001d8c7e7e000 JavaThread "Cancel handler" [_thread_blocked, id=6272, stack(0x0000008966c00000,0x0000008966d00000)]
  0x000001d8c832a800 JavaThread "Daemon worker" [_thread_in_vm, id=8448, stack(0x0000008966d00000,0x0000008966e00000)]
  0x000001d8c8489000 JavaThread "Asynchronous log dispatcher for DefaultDaemonConnection: socket connection from /127.0.0.1:55347 to /127.0.0.1:55348" [_thread_blocked, id=11668, stack(0x0000008966e00000,0x0000008966f00000)]
  0x000001d8c6592800 JavaThread "Stdin handler" [_thread_blocked, id=6584, stack(0x0000008966f00000,0x0000008967000000)]
  0x000001d8c845f000 JavaThread "Daemon client event forwarder" [_thread_blocked, id=14120, stack(0x0000008967000000,0x0000008967100000)]
  0x000001d8c845e800 JavaThread "Cache worker for file hash cache (C:\Users\atola\.gradle\caches\7.0.2\fileHashes)" [_thread_blocked, id=12968, stack(0x0000008967300000,0x0000008967400000)]
  0x000001d8c845d800 JavaThread "File lock request listener" [_thread_in_native, id=7948, stack(0x0000008967400000,0x0000008967500000)]
  0x000001d8c8464000 JavaThread "Cache worker for journal cache (C:\Users\atola\.gradle\caches\journal-1)" [_thread_blocked, id=14116, stack(0x0000008967500000,0x0000008967600000)]

Other Threads:
  0x000001d8c610e800 VMThread "VM Thread" [stack: 0x0000008965b00000,0x0000008965c00000] [id=13400]
  0x000001d8c6456800 WatcherThread [stack: 0x0000008966500000,0x0000008966600000] [id=14156]
  0x000001d8abda4800 GCTaskThread "GC Thread#0" [stack: 0x0000008965600000,0x0000008965700000] [id=2472]
  0x000001d8c6b06000 GCTaskThread "GC Thread#1" [stack: 0x0000008966600000,0x0000008966700000] [id=14196]
  0x000001d8c8488000 GCTaskThread "GC Thread#2" [stack: 0x0000008967100000,0x0000008967200000] [id=14308]
  0x000001d8c7c83800 GCTaskThread "GC Thread#3" [stack: 0x0000008967200000,0x0000008967300000] [id=2052]
  0x000001d8abdd7000 ConcurrentGCThread "G1 Main Marker" [stack: 0x0000008965700000,0x0000008965800000] [id=676]
  0x000001d8abdd8000 ConcurrentGCThread "G1 Conc#0" [stack: 0x0000008965800000,0x0000008965900000] [id=4880]
  0x000001d8abe21800 ConcurrentGCThread "G1 Refine#0" [stack: 0x0000008965900000,0x0000008965a00000] [id=7928]
  0x000001d8abe22800 ConcurrentGCThread "G1 Young RemSet Sampling" [stack: 0x0000008965a00000,0x0000008965b00000] [id=13588]

Threads with active compile tasks:
C2 CompilerThread0   9620 2007   !   4       java.lang.ClassLoader::loadClass (122 bytes)

VM state:not at safepoint (normal execution)

VM Mutex/Monitor currently owned by a thread: None

Heap address: 0x0000000080000000, size: 2048 MB, Compressed Oops mode: 32-bit
Narrow klass base: 0x0000000000000000, Narrow klass shift: 3
Compressed class space size: 1073741824 Address: 0x0000000100000000

Heap:
 garbage-first heap   total 57344K, used 39453K [0x0000000080000000, 0x0000000100000000)
  region size 1024K, 25 young (25600K), 1 survivors (1024K)
 Metaspace       used 22830K, capacity 23400K, committed 23680K, reserved 1069056K
  class space    used 2906K, capacity 3089K, committed 3200K, reserved 1048576K
Heap Regions: E=young(eden), S=young(survivor), O=old, HS=humongous(starts), HC=humongous(continues), CS=collection set, F=free, A=archive, TAMS=top-at-mark-start (previous, next)
|   0|0x0000000080000000, 0x0000000080100000, 0x0000000080100000|100%| O|  |TAMS 0x0000000080100000, 0x0000000080000000| Untracked 
|   1|0x0000000080100000, 0x0000000080200000, 0x0000000080200000|100%| O|  |TAMS 0x0000000080200000, 0x0000000080100000| Untracked 
|   2|0x0000000080200000, 0x0000000080300000, 0x0000000080300000|100%| O|  |TAMS 0x0000000080300000, 0x0000000080200000| Untracked 
|   3|0x0000000080300000, 0x0000000080400000, 0x0000000080400000|100%|HS|  |TAMS 0x0000000080400000, 0x0000000080300000| Complete 
|   4|0x0000000080400000, 0x0000000080500000, 0x0000000080500000|100%|HC|  |TAMS 0x0000000080500000, 0x0000000080400000| Complete 
|   5|0x0000000080500000, 0x0000000080600000, 0x0000000080600000|100%|HC|  |TAMS 0x0000000080600000, 0x0000000080500000| Complete 
|   6|0x0000000080600000, 0x0000000080700000, 0x0000000080700000|100%| O|  |TAMS 0x0000000080700000, 0x0000000080600000| Untracked 
|   7|0x0000000080700000, 0x0000000080800000, 0x0000000080800000|100%| O|  |TAMS 0x0000000080800000, 0x0000000080700000| Untracked 
|   8|0x0000000080800000, 0x0000000080900000, 0x0000000080900000|100%| O|  |TAMS 0x0000000080900000, 0x0000000080800000| Untracked 
|   9|0x0000000080900000, 0x0000000080a00000, 0x0000000080a00000|100%| O|  |TAMS 0x0000000080a00000, 0x0000000080900000| Untracked 
|  10|0x0000000080a00000, 0x0000000080b00000, 0x0000000080b00000|100%| O|  |TAMS 0x0000000080b00000, 0x0000000080a00000| Untracked 
|  11|0x0000000080b00000, 0x0000000080c00000, 0x0000000080c00000|100%| O|  |TAMS 0x0000000080c00000, 0x0000000080b00000| Untracked 
|  12|0x0000000080c00000, 0x0000000080d00000, 0x0000000080d00000|100%| O|  |TAMS 0x0000000080d00000, 0x0000000080c00000| Untracked 
|  13|0x0000000080d00000, 0x0000000080e00000, 0x0000000080e00000|100%| O|  |TAMS 0x0000000080e00000, 0x0000000080d00000| Untracked 
|  14|0x0000000080e00000, 0x0000000080f00000, 0x0000000080f00000|100%| O|  |TAMS 0x0000000080f00000, 0x0000000080e00000| Untracked 
|  15|0x0000000080f00000, 0x0000000080fce000, 0x0000000081000000| 80%| O|  |TAMS 0x0000000080fce000, 0x0000000080f00000| Untracked 
|  16|0x0000000081000000, 0x0000000081000000, 0x0000000081100000|  0%| F|  |TAMS 0x0000000081000000, 0x0000000081000000| Untracked 
|  17|0x0000000081100000, 0x0000000081100000, 0x0000000081200000|  0%| F|  |TAMS 0x0000000081100000, 0x0000000081100000| Untracked 
|  18|0x0000000081200000, 0x0000000081200000, 0x0000000081300000|  0%| F|  |TAMS 0x0000000081200000, 0x0000000081200000| Untracked 
|  19|0x0000000081300000, 0x0000000081300000, 0x0000000081400000|  0%| F|  |TAMS 0x0000000081300000, 0x0000000081300000| Untracked 
|  20|0x0000000081400000, 0x0000000081400000, 0x0000000081500000|  0%| F|  |TAMS 0x0000000081400000, 0x0000000081400000| Untracked 
|  21|0x0000000081500000, 0x0000000081500000, 0x0000000081600000|  0%| F|  |TAMS 0x0000000081500000, 0x0000000081500000| Untracked 
|  22|0x0000000081600000, 0x0000000081600000, 0x0000000081700000|  0%| F|  |TAMS 0x0000000081600000, 0x0000000081600000| Untracked 
|  23|0x0000000081700000, 0x0000000081700000, 0x0000000081800000|  0%| F|  |TAMS 0x0000000081700000, 0x0000000081700000| Untracked 
|  24|0x0000000081800000, 0x0000000081800000, 0x0000000081900000|  0%| F|  |TAMS 0x0000000081800000, 0x0000000081800000| Untracked 
|  25|0x0000000081900000, 0x0000000081900000, 0x0000000081a00000|  0%| F|  |TAMS 0x0000000081900000, 0x0000000081900000| Untracked 
|  26|0x0000000081a00000, 0x0000000081a00000, 0x0000000081b00000|  0%| F|  |TAMS 0x0000000081a00000, 0x0000000081a00000| Untracked 
|  27|0x0000000081b00000, 0x0000000081b00000, 0x0000000081c00000|  0%| F|  |TAMS 0x0000000081b00000, 0x0000000081b00000| Untracked 
|  28|0x0000000081c00000, 0x0000000081c00000, 0x0000000081d00000|  0%| F|  |TAMS 0x0000000081c00000, 0x0000000081c00000| Untracked 
|  29|0x0000000081d00000, 0x0000000081d00000, 0x0000000081e00000|  0%| F|  |TAMS 0x0000000081d00000, 0x0000000081d00000| Untracked 
|  30|0x0000000081e00000, 0x0000000081e00000, 0x0000000081f00000|  0%| F|  |TAMS 0x0000000081e00000, 0x0000000081e00000| Untracked 
|  31|0x0000000081f00000, 0x0000000081f99c88, 0x0000000082000000| 60%| E|  |TAMS 0x0000000081f00000, 0x0000000081f00000| Complete 
|  32|0x0000000082000000, 0x0000000082100000, 0x0000000082100000|100%| E|CS|TAMS 0x0000000082000000, 0x0000000082000000| Complete 
|  33|0x0000000082100000, 0x0000000082200000, 0x0000000082200000|100%| E|CS|TAMS 0x0000000082100000, 0x0000000082100000| Complete 
|  34|0x0000000082200000, 0x00000000822b94b8, 0x0000000082300000| 72%| S|CS|TAMS 0x0000000082200000, 0x0000000082200000| Complete 
|  35|0x0000000082300000, 0x0000000082400000, 0x0000000082400000|100%| E|CS|TAMS 0x0000000082300000, 0x0000000082300000| Complete 
|  36|0x0000000082400000, 0x0000000082500000, 0x0000000082500000|100%| E|CS|TAMS 0x0000000082400000, 0x0000000082400000| Complete 
|  37|0x0000000082500000, 0x0000000082600000, 0x0000000082600000|100%| E|CS|TAMS 0x0000000082500000, 0x0000000082500000| Complete 
|  38|0x0000000082600000, 0x0000000082700000, 0x0000000082700000|100%| E|CS|TAMS 0x0000000082600000, 0x0000000082600000| Complete 
|  39|0x0000000082700000, 0x0000000082800000, 0x0000000082800000|100%| E|CS|TAMS 0x0000000082700000, 0x0000000082700000| Complete 
|  40|0x0000000082800000, 0x0000000082900000, 0x0000000082900000|100%| E|CS|TAMS 0x0000000082800000, 0x0000000082800000| Complete 
|  41|0x0000000082900000, 0x0000000082a00000, 0x0000000082a00000|100%| E|CS|TAMS 0x0000000082900000, 0x0000000082900000| Complete 
|  42|0x0000000082a00000, 0x0000000082b00000, 0x0000000082b00000|100%| E|CS|TAMS 0x0000000082a00000, 0x0000000082a00000| Complete 
|  43|0x0000000082b00000, 0x0000000082c00000, 0x0000000082c00000|100%| E|CS|TAMS 0x0000000082b00000, 0x0000000082b00000| Complete 
|  44|0x0000000082c00000, 0x0000000082d00000, 0x0000000082d00000|100%| E|CS|TAMS 0x0000000082c00000, 0x0000000082c00000| Complete 
|  45|0x0000000082d00000, 0x0000000082e00000, 0x0000000082e00000|100%| E|CS|TAMS 0x0000000082d00000, 0x0000000082d00000| Complete 
|  46|0x0000000082e00000, 0x0000000082f00000, 0x0000000082f00000|100%| E|CS|TAMS 0x0000000082e00000, 0x0000000082e00000| Complete 
|  47|0x0000000082f00000, 0x0000000083000000, 0x0000000083000000|100%| E|  |TAMS 0x0000000082f00000, 0x0000000082f00000| Complete 
|  48|0x0000000083000000, 0x0000000083100000, 0x0000000083100000|100%| E|CS|TAMS 0x0000000083000000, 0x0000000083000000| Complete 
|  49|0x0000000083100000, 0x0000000083200000, 0x0000000083200000|100%| E|CS|TAMS 0x0000000083100000, 0x0000000083100000| Complete 
|  50|0x0000000083200000, 0x0000000083300000, 0x0000000083300000|100%| E|CS|TAMS 0x0000000083200000, 0x0000000083200000| Complete 
|  51|0x0000000083300000, 0x0000000083400000, 0x0000000083400000|100%| E|CS|TAMS 0x0000000083300000, 0x0000000083300000| Complete 
|  52|0x0000000083400000, 0x0000000083500000, 0x0000000083500000|100%| E|CS|TAMS 0x0000000083400000, 0x0000000083400000| Complete 
|  53|0x0000000083500000, 0x0000000083600000, 0x0000000083600000|100%| E|CS|TAMS 0x0000000083500000, 0x0000000083500000| Complete 
|  54|0x0000000083600000, 0x0000000083700000, 0x0000000083700000|100%| E|CS|TAMS 0x0000000083600000, 0x0000000083600000| Complete 
|  55|0x0000000083700000, 0x0000000083800000, 0x0000000083800000|100%| E|CS|TAMS 0x0000000083700000, 0x0000000083700000| Complete 

Card table byte_map: [0x000001d8bec80000,0x000001d8bf080000] _byte_map_base: 0x000001d8be880000

Marking Bits (Prev, Next): (CMBitMap*) 0x000001d8abdce510, (CMBitMap*) 0x000001d8abdce4d8
 Prev Bits: [0x000001d8c1480000, 0x000001d8c3480000)
 Next Bits: [0x000001d8bf480000, 0x000001d8c1480000)

Polling page: 0x000001d8a9be0000

Metaspace:

Usage:
  Non-class:     19.83 MB capacity,    19.46 MB ( 98%) used,   338.63 KB (  2%) free+waste,    44.31 KB ( <1%) overhead. 
      Class:      3.05 MB capacity,     2.84 MB ( 93%) used,   190.20 KB (  6%) free+waste,    22.50 KB ( <1%) overhead. 
       Both:     22.88 MB capacity,    22.30 MB ( 97%) used,   528.83 KB (  2%) free+waste,    66.81 KB ( <1%) overhead. 

Virtual space:
  Non-class space:       20.00 MB reserved,      20.00 MB (100%) committed 
      Class space:        1.00 GB reserved,       3.13 MB ( <1%) committed 
             Both:        1.02 GB reserved,      23.13 MB (  2%) committed 

Chunk freelists:
   Non-Class:  41.00 KB
       Class:  15.00 KB
        Both:  56.00 KB

MaxMetaspaceSize: 17179869184.00 GB
CompressedClassSpaceSize: 1.00 GB

CodeHeap 'non-profiled nmethods': size=120064Kb used=926Kb max_used=926Kb free=119137Kb
 bounds [0x000001d8b7340000, 0x000001d8b75b0000, 0x000001d8be880000]
CodeHeap 'profiled nmethods': size=120000Kb used=4375Kb max_used=4375Kb free=115624Kb
 bounds [0x000001d8afe10000, 0x000001d8b0260000, 0x000001d8b7340000]
CodeHeap 'non-nmethods': size=5696Kb used=1144Kb max_used=1164Kb free=4551Kb
 bounds [0x000001d8af880000, 0x000001d8afaf0000, 0x000001d8afe10000]
 total_blobs=2514 nmethods=2035 adapters=390
 compilation: enabled
              stopped_count=0, restarted_count=0
 full_count=0

Compilation events (20 events):
Event: 9.496 Thread 0x000001d8c61ad000 nmethod 2006 0x000001d8b0244210 code [0x000001d8b02443c0, 0x000001d8b02445f8]
Event: 9.506 Thread 0x000001d8c6179000 2007   !   4       java.lang.ClassLoader::loadClass (122 bytes)
Event: 9.531 Thread 0x000001d8c61ad000 2010       3       org.gradle.internal.service.DefaultServiceRegistry::access$1500 (6 bytes)
Event: 9.531 Thread 0x000001d8c61ad000 nmethod 2010 0x000001d8b0244710 code [0x000001d8b02448c0, 0x000001d8b02449c8]
Event: 9.531 Thread 0x000001d8c61ad000 2011       3       org.gradle.internal.service.DefaultServiceRegistry$ManagedObjectServiceProvider::requiredBy (20 bytes)
Event: 9.532 Thread 0x000001d8c61ad000 nmethod 2011 0x000001d8b0244a90 code [0x000001d8b0244c80, 0x000001d8b0245148]
Event: 9.532 Thread 0x000001d8c61ad000 2012       3       org.gradle.internal.service.DefaultServiceRegistry$ManagedObjectServiceProvider::fromSameRegistry (27 bytes)
Event: 9.533 Thread 0x000001d8c61ad000 nmethod 2012 0x000001d8b0245290 code [0x000001d8b0245460, 0x000001d8b02457d8]
Event: 9.535 Thread 0x000001d8c61ad000 2013       3       java.lang.reflect.Constructor::setConstructorAccessor (21 bytes)
Event: 9.535 Thread 0x000001d8c61ad000 nmethod 2013 0x000001d8b0245890 code [0x000001d8b0245a60, 0x000001d8b0245d48]
Event: 9.545 Thread 0x000001d8c61ad000 2014       3       jdk.internal.org.objectweb.asm.Frame::pop (53 bytes)
Event: 9.546 Thread 0x000001d8c61ad000 nmethod 2014 0x000001d8b0245e90 code [0x000001d8b02460e0, 0x000001d8b0246818]
Event: 9.546 Thread 0x000001d8c61ad000 2015       3       java.lang.invoke.LambdaForm$Name::withConstraint (20 bytes)
Event: 9.546 Thread 0x000001d8c61ad000 nmethod 2015 0x000001d8b0246b10 code [0x000001d8b0246ce0, 0x000001d8b0246ec8]
Event: 9.546 Thread 0x000001d8c61ad000 2016       3       java.lang.invoke.InvokerBytecodeGenerator::isStaticallyNameable (148 bytes)
Event: 9.554 Thread 0x000001d8c61ad000 nmethod 2016 0x000001d8b0246f90 code [0x000001d8b02474a0, 0x000001d8b0249c38]
Event: 9.554 Thread 0x000001d8c61ad000 2017       3       java.lang.invoke.LambdaFormBuffer::changeName (149 bytes)
Event: 9.555 Thread 0x000001d8c61ad000 nmethod 2017 0x000001d8b024a790 code [0x000001d8b024a980, 0x000001d8b024aea8]
Event: 9.555 Thread 0x000001d8c61ad000 2018       1       java.util.Collections$EmptyIterator::hasNext (2 bytes)
Event: 9.556 Thread 0x000001d8c61ad000 nmethod 2018 0x000001d8b7426c90 code [0x000001d8b7426e40, 0x000001d8b7426ef8]

GC Heap History (12 events):
Event: 2.409 GC heap before
{Heap before GC invocations=0 (full 0):
 garbage-first heap   total 57344K, used 19456K [0x0000000080000000, 0x0000000100000000)
  region size 1024K, 14 young (14336K), 0 survivors (0K)
 Metaspace       used 6747K, capacity 6925K, committed 7168K, reserved 1056768K
  class space    used 582K, capacity 650K, committed 768K, reserved 1048576K
}
Event: 2.419 GC heap after
{Heap after GC invocations=1 (full 0):
 garbage-first heap   total 57344K, used 8497K [0x0000000080000000, 0x0000000100000000)
  region size 1024K, 2 young (2048K), 2 survivors (2048K)
 Metaspace       used 6747K, capacity 6925K, committed 7168K, reserved 1056768K
  class space    used 582K, capacity 650K, committed 768K, reserved 1048576K
}
Event: 3.682 GC heap before
{Heap before GC invocations=1 (full 0):
 garbage-first heap   total 57344K, used 19761K [0x0000000080000000, 0x0000000100000000)
  region size 1024K, 13 young (13312K), 2 survivors (2048K)
 Metaspace       used 10254K, capacity 10427K, committed 10624K, reserved 1058816K
  class space    used 1065K, capacity 1141K, committed 1152K, reserved 1048576K
}
Event: 3.689 GC heap after
{Heap after GC invocations=2 (full 0):
 garbage-first heap   total 57344K, used 9245K [0x0000000080000000, 0x0000000100000000)
  region size 1024K, 2 young (2048K), 2 survivors (2048K)
 Metaspace       used 10254K, capacity 10427K, committed 10624K, reserved 1058816K
  class space    used 1065K, capacity 1141K, committed 1152K, reserved 1048576K
}
Event: 5.985 GC heap before
{Heap before GC invocations=2 (full 0):
 garbage-first heap   total 57344K, used 29725K [0x0000000080000000, 0x0000000100000000)
  region size 1024K, 23 young (23552K), 2 survivors (2048K)
 Metaspace       used 11150K, capacity 11380K, committed 11520K, reserved 1058816K
  class space    used 1166K, capacity 1245K, committed 1280K, reserved 1048576K
}
Event: 5.991 GC heap after
{Heap after GC invocations=3 (full 0):
 garbage-first heap   total 57344K, used 9720K [0x0000000080000000, 0x0000000100000000)
  region size 1024K, 2 young (2048K), 2 survivors (2048K)
 Metaspace       used 11150K, capacity 11380K, committed 11520K, reserved 1058816K
  class space    used 1166K, capacity 1245K, committed 1280K, reserved 1048576K
}
Event: 6.775 GC heap before
{Heap before GC invocations=3 (full 0):
 garbage-first heap   total 57344K, used 36344K [0x0000000080000000, 0x0000000100000000)
  region size 1024K, 27 young (27648K), 2 survivors (2048K)
 Metaspace       used 11617K, capacity 11820K, committed 11904K, reserved 1060864K
  class space    used 1263K, capacity 1349K, committed 1408K, reserved 1048576K
}
Event: 6.784 GC heap after
{Heap after GC invocations=4 (full 0):
 garbage-first heap   total 57344K, used 13995K [0x0000000080000000, 0x0000000100000000)
  region size 1024K, 4 young (4096K), 4 survivors (4096K)
 Metaspace       used 11617K, capacity 11820K, committed 11904K, reserved 1060864K
  class space    used 1263K, capacity 1349K, committed 1408K, reserved 1048576K
}
Event: 8.864 GC heap before
{Heap before GC invocations=4 (full 0):
 garbage-first heap   total 57344K, used 38571K [0x0000000080000000, 0x0000000100000000)
  region size 1024K, 28 young (28672K), 4 survivors (4096K)
 Metaspace       used 17855K, capacity 18292K, committed 18432K, reserved 1064960K
  class space    used 2114K, capacity 2251K, committed 2304K, reserved 1048576K
}
Event: 8.873 GC heap after
{Heap after GC invocations=5 (full 0):
 garbage-first heap   total 57344K, used 16209K [0x0000000080000000, 0x0000000100000000)
  region size 1024K, 3 young (3072K), 3 survivors (3072K)
 Metaspace       used 17855K, capacity 18292K, committed 18432K, reserved 1064960K
  class space    used 2114K, capacity 2251K, committed 2304K, reserved 1048576K
}
Event: 9.202 GC heap before
{Heap before GC invocations=5 (full 0):
 garbage-first heap   total 57344K, used 36689K [0x0000000080000000, 0x0000000100000000)
  region size 1024K, 24 young (24576K), 3 survivors (3072K)
 Metaspace       used 20554K, capacity 21095K, committed 21248K, reserved 1067008K
  class space    used 2511K, capacity 2701K, committed 2816K, reserved 1048576K
}
Event: 9.208 GC heap after
{Heap after GC invocations=6 (full 0):
 garbage-first heap   total 57344K, used 16925K [0x0000000080000000, 0x0000000100000000)
  region size 1024K, 1 young (1024K), 1 survivors (1024K)
 Metaspace       used 20554K, capacity 21095K, committed 21248K, reserved 1067008K
  class space    used 2511K, capacity 2701K, committed 2816K, reserved 1048576K
}

Deoptimization events (20 events):
Event: 9.298 Thread 0x000001d8c832a800 Uncommon trap: trap_request=0xffffff4d fr.pc=0x000001d8b740d5d8 relative=0x0000000000000398
Event: 9.298 Thread 0x000001d8c832a800 Uncommon trap: reason=unstable_if action=reinterpret pc=0x000001d8b740d5d8 method=jdk.internal.org.objectweb.asm.Type.getArgumentsAndReturnSizes(Ljava/lang/String;)I @ 88 c2
Event: 9.298 Thread 0x000001d8c832a800 DEOPT PACKING pc=0x000001d8b740d5d8 sp=0x0000008966dfa7b0
Event: 9.298 Thread 0x000001d8c832a800 DEOPT UNPACKING pc=0x000001d8af8a78af sp=0x0000008966dfa738 mode 2
Event: 9.314 Thread 0x000001d8c832a800 Uncommon trap: trap_request=0xffffff4d fr.pc=0x000001d8b7377b60 relative=0x00000000000001a0
Event: 9.314 Thread 0x000001d8c832a800 Uncommon trap: reason=unstable_if action=reinterpret pc=0x000001d8b7377b60 method=java.util.HashMap.getNode(ILjava/lang/Object;)Ljava/util/HashMap$Node; @ 129 c2
Event: 9.314 Thread 0x000001d8c832a800 DEOPT PACKING pc=0x000001d8b7377b60 sp=0x0000008966dfc1d0
Event: 9.314 Thread 0x000001d8c832a800 DEOPT UNPACKING pc=0x000001d8af8a78af sp=0x0000008966dfc0d0 mode 2
Event: 9.314 Thread 0x000001d8c832a800 Uncommon trap: trap_request=0xffffffc6 fr.pc=0x000001d8b7409d54 relative=0x00000000000007b4
Event: 9.314 Thread 0x000001d8c832a800 Uncommon trap: reason=bimorphic_or_optimized_type_check action=maybe_recompile pc=0x000001d8b7409d54 method=java.util.HashMap.putVal(ILjava/lang/Object;Ljava/lang/Object;ZZ)Ljava/lang/Object; @ 203 c2
Event: 9.314 Thread 0x000001d8c832a800 DEOPT PACKING pc=0x000001d8b7409d54 sp=0x0000008966dfc190
Event: 9.314 Thread 0x000001d8c832a800 DEOPT UNPACKING pc=0x000001d8af8a78af sp=0x0000008966dfc0a0 mode 2
Event: 9.314 Thread 0x000001d8c832a800 Uncommon trap: trap_request=0xffffff4d fr.pc=0x000001d8b73749f0 relative=0x0000000000000390
Event: 9.314 Thread 0x000001d8c832a800 Uncommon trap: reason=unstable_if action=reinterpret pc=0x000001d8b73749f0 method=java.util.HashMap.getNode(ILjava/lang/Object;)Ljava/util/HashMap$Node; @ 129 c2
Event: 9.314 Thread 0x000001d8c832a800 DEOPT PACKING pc=0x000001d8b73749f0 sp=0x0000008966dfc120
Event: 9.314 Thread 0x000001d8c832a800 DEOPT UNPACKING pc=0x000001d8af8a78af sp=0x0000008966dfc0b8 mode 2
Event: 9.324 Thread 0x000001d8c832a800 Uncommon trap: trap_request=0xffffff4d fr.pc=0x000001d8b73ada08 relative=0x0000000000000be8
Event: 9.325 Thread 0x000001d8c832a800 Uncommon trap: reason=unstable_if action=reinterpret pc=0x000001d8b73ada08 method=java.util.Properties$LineReader.readLine()I @ 249 c2
Event: 9.325 Thread 0x000001d8c832a800 DEOPT PACKING pc=0x000001d8b73ada08 sp=0x0000008966dfc130
Event: 9.325 Thread 0x000001d8c832a800 DEOPT UNPACKING pc=0x000001d8af8a78af sp=0x0000008966dfc0d0 mode 2

Classes redefined (0 events):
No events

Internal exceptions (20 events):
Event: 8.602 Thread 0x000001d8c7c81800 Exception <a 'java/lang/NoSuchMethodError'{0x00000000829291b8}: <clinit>> (0x00000000829291b8) thrown at [./src/hotspot/share/prims/jni.cpp, line 1362]
Event: 8.743 Thread 0x000001d8c832a800 Exception <a 'java/lang/NoSuchMethodError'{0x00000000827d39f8}: 'void java.lang.invoke.DirectMethodHandle$Holder.invokeVirtual(java.lang.Object, java.lang.Object, java.lang.Object, java.lang.Object)'> (0x00000000827d39f8) thrown at [./src/hotspot/share/interpreter/linkResolver.cpp, line 773]
Event: 8.745 Thread 0x000001d8c832a800 Exception <a 'java/lang/NoSuchMethodError'{0x00000000827e0460}: 'void java.lang.invoke.DelegatingMethodHandle$Holder.reinvoke_L(java.lang.Object, java.lang.Object, java.lang.Object, java.lang.Object)'> (0x00000000827e0460) thrown at [./src/hotspot/share/interpreter/linkResolver.cpp, line 773]
Event: 8.752 Thread 0x000001d8c832a800 Exception <a 'java/lang/NoSuchMethodError'{0x0000000082611bb0}: 'long java.lang.invoke.DirectMethodHandle$Holder.invokeInterface(java.lang.Object, java.lang.Object)'> (0x0000000082611bb0) thrown at [./src/hotspot/share/interpreter/linkResolver.cpp, line 773]
Event: 8.755 Thread 0x000001d8c832a800 Exception <a 'java/lang/NoSuchMethodError'{0x00000000826348f8}: 'void java.lang.invoke.DelegatingMethodHandle$Holder.reinvoke_L(java.lang.Object, java.lang.Object, java.lang.Object, java.lang.Object, java.lang.Object, java.lang.Object, java.lang.Object)'> (0x00000000826348f8) thrown at [./src/hotspot/share/interpreter/linkResolver.cpp, line 773]
Event: 8.988 Thread 0x000001d8c832a800 Exception <a 'java/lang/NoSuchMethodError'{0x0000000082e7fae0}: 'java.lang.Object java.lang.invoke.DirectMethodHandle$Holder.invokeVirtual(java.lang.Object, java.lang.Object, java.lang.Object)'> (0x0000000082e7fae0) thrown at [./src/hotspot/share/interpreter/linkResolver.cpp, line 773]
Event: 9.036 Thread 0x000001d8c832a800 Exception <a 'java/lang/NoSuchMethodError'{0x0000000082a28238}: 'void java.lang.invoke.DirectMethodHandle$Holder.invokeInterface(java.lang.Object, java.lang.Object)'> (0x0000000082a28238) thrown at [./src/hotspot/share/interpreter/linkResolver.cpp, line 773]
Event: 9.037 Thread 0x000001d8c832a800 Exception <a 'java/lang/IncompatibleClassChangeError'{0x0000000082a2b3e8}: Found class java.lang.Object, but interface was expected> (0x0000000082a2b3e8) thrown at [./src/hotspot/share/interpreter/linkResolver.cpp, line 839]
Event: 9.061 Thread 0x000001d8c832a800 Exception <a 'java/lang/NoSuchMethodError'{0x00000000829a10d0}: 'void java.lang.invoke.DirectMethodHandle$Holder.invokeStaticInit(java.lang.Object)'> (0x00000000829a10d0) thrown at [./src/hotspot/share/interpreter/linkResolver.cpp, line 773]
Event: 9.105 Thread 0x000001d8c832a800 Exception <a 'java/lang/NoSuchMethodError'{0x0000000082613cb8}: 'java.lang.Object java.lang.invoke.DirectMethodHandle$Holder.invokeStatic(java.lang.Object, java.lang.Object, java.lang.Object, int)'> (0x0000000082613cb8) thrown at [./src/hotspot/share/interpreter/linkResolver.cpp, line 773]
Event: 9.106 Thread 0x000001d8c832a800 Exception <a 'java/lang/NoSuchMethodError'{0x0000000082617e80}: 'java.lang.Object java.lang.invoke.DirectMethodHandle$Holder.invokeSpecial(java.lang.Object, java.lang.Object, java.lang.Object, java.lang.Object, int)'> (0x0000000082617e80) thrown at [./src/hotspot/share/interpreter/linkResolver.cpp, line 773]
Event: 9.106 Thread 0x000001d8c832a800 Exception <a 'java/lang/NoSuchMethodError'{0x000000008261b868}: 'java.lang.Object java.lang.invoke.Invokers$Holder.linkToTargetMethod(java.lang.Object, java.lang.Object, int, java.lang.Object)'> (0x000000008261b868) thrown at [./src/hotspot/share/interpreter/linkResolver.cpp, line 773]
Event: 9.225 Thread 0x000001d8c832a800 Exception <a 'java/lang/NoSuchMethodError'{0x00000000837bd6f8}: 'int java.lang.invoke.DirectMethodHandle$Holder.invokeSpecialIFC(java.lang.Object, java.lang.Object, java.lang.Object, java.lang.Object)'> (0x00000000837bd6f8) thrown at [./src/hotspot/share/interpreter/linkResolver.cpp, line 773]
Event: 9.229 Thread 0x000001d8c832a800 Exception <a 'java/lang/NoSuchMethodError'{0x00000000837cb4b8}: 'java.lang.Object java.lang.invoke.DirectMethodHandle$Holder.invokeInterface(java.lang.Object, java.lang.Object, java.lang.Object)'> (0x00000000837cb4b8) thrown at [./src/hotspot/share/interpreter/linkResolver.cpp, line 773]
Event: 9.229 Thread 0x000001d8c832a800 Exception <a 'java/lang/IncompatibleClassChangeError'{0x00000000837ce990}: Found class java.lang.Object, but interface was expected> (0x00000000837ce990) thrown at [./src/hotspot/share/interpreter/linkResolver.cpp, line 839]
Event: 9.241 Thread 0x000001d8c832a800 Exception <a 'java/lang/NoSuchMethodError'{0x000000008368b8d8}: 'void java.lang.invoke.DirectMethodHandle$Holder.invokeStatic(java.lang.Object, java.lang.Object, java.lang.Object, java.lang.Object, java.lang.Object)'> (0x000000008368b8d8) thrown at [./src/hotspot/share/interpreter/linkResolver.cpp, line 773]
Event: 9.348 Thread 0x000001d8c832a800 Exception <a 'java/lang/NoSuchMethodError'{0x000000008311feb0}: 'void java.lang.invoke.DirectMethodHandle$Holder.invokeSpecial(java.lang.Object, java.lang.Object)'> (0x000000008311feb0) thrown at [./src/hotspot/share/interpreter/linkResolver.cpp, line 773]
Event: 9.393 Thread 0x000001d8c832a800 Exception <a 'java/lang/NoSuchMethodError'{0x0000000082f53a70}: 'java.lang.Object java.lang.invoke.DirectMethodHandle$Holder.invokeSpecial(java.lang.Object, java.lang.Object, java.lang.Object, java.lang.Object, java.lang.Object, java.lang.Object, java.lang.Object, java.lang.Object, java.lang.Object)'> (0x0000000082f53a70) thrown at [./src/hotspot/share/interpreter/linkResolver.cpp, line 773]
Event: 9.492 Thread 0x000001d8c832a800 Exception <a 'java/lang/NoSuchMethodError'{0x00000000826f21d8}: 'java.lang.Object java.lang.invoke.DirectMethodHandle$Holder.invokeVirtual(java.lang.Object, java.lang.Object, java.lang.Object, java.lang.Object)'> (0x00000000826f21d8) thrown at [./src/hotspot/share/interpreter/linkResolver.cpp, line 773]
Event: 9.544 Thread 0x000001d8c832a800 Exception <a 'java/lang/NoSuchMethodError'{0x00000000823bb978}: 'java.lang.Object java.lang.invoke.Invokers$Holder.invoker(java.lang.Object, java.lang.Object, java.lang.Object, java.lang.Object, java.lang.Object)'> (0x00000000823bb978) thrown at [./src/hotspot/share/interpreter/linkResolver.cpp, line 773]

Events (20 events):
Event: 9.563 loading class org/gradle/internal/instantiation/generator/AbstractClassGenerator$DslMixInPropertyType
Event: 9.563 loading class org/gradle/internal/instantiation/generator/AbstractClassGenerator$DslMixInPropertyType done
Event: 9.565 loading class org/gradle/internal/reflect/MethodSet
Event: 9.565 loading class org/gradle/internal/reflect/MethodSet done
Event: 9.566 loading class com/google/common/collect/LinkedHashMultimap
Event: 9.566 loading class com/google/common/collect/LinkedHashMultimap done
Event: 9.568 loading class com/google/common/collect/LinkedHashMultimapGwtSerializationDependencies
Event: 9.568 loading class com/google/common/collect/LinkedHashMultimapGwtSerializationDependencies done
Event: 9.569 loading class com/google/common/collect/AbstractSetMultimap
Event: 9.569 loading class com/google/common/collect/AbstractSetMultimap done
Event: 9.569 loading class com/google/common/collect/AbstractMapBasedMultimap
Event: 9.569 loading class com/google/common/collect/AbstractMapBasedMultimap done
Event: 9.571 loading class com/google/common/collect/AbstractMapBasedMultimap$WrappedList
Event: 9.571 loading class com/google/common/collect/AbstractMapBasedMultimap$WrappedList done
Event: 9.571 loading class com/google/common/collect/AbstractMapBasedMultimap$WrappedCollection
Event: 9.571 loading class com/google/common/collect/AbstractMapBasedMultimap$WrappedCollection done
Event: 9.572 loading class com/google/common/collect/AbstractMapBasedMultimap$RandomAccessWrappedList
Event: 9.572 loading class com/google/common/collect/AbstractMapBasedMultimap$RandomAccessWrappedList done
Event: 9.574 loading class com/google/common/collect/CompactLinkedHashMap
Event: 9.574 loading class com/google/common/collect/CompactLinkedHashMap done


Dynamic libraries:
0x00007ff64ba30000 - 0x00007ff64ba3a000 	C:\Program Files\Android\Android Studio\jre\bin\java.exe
0x00007ffa4db90000 - 0x00007ffa4dd85000 	C:\Windows\SYSTEM32\ntdll.dll
0x00007ffa4cf50000 - 0x00007ffa4d00e000 	C:\Windows\System32\KERNEL32.DLL
0x00007ffa4b680000 - 0x00007ffa4b948000 	C:\Windows\System32\KERNELBASE.dll
0x00007ffa4b330000 - 0x00007ffa4b430000 	C:\Windows\System32\ucrtbase.dll
0x00007ffa27760000 - 0x00007ffa27777000 	C:\Program Files\Android\Android Studio\jre\bin\VCRUNTIME140.dll
0x00007ffa247a0000 - 0x00007ffa247b9000 	C:\Program Files\Android\Android Studio\jre\bin\jli.dll
0x00007ffa4d010000 - 0x00007ffa4d1b0000 	C:\Windows\System32\USER32.dll
0x00007ffa4bbb0000 - 0x00007ffa4bbd2000 	C:\Windows\System32\win32u.dll
0x00007ffa3b290000 - 0x00007ffa3b52a000 	C:\Windows\WinSxS\amd64_microsoft.windows.common-controls_6595b64144ccf1df_6.0.19041.1110_none_60b5254171f9507e\COMCTL32.dll
0x00007ffa4c5c0000 - 0x00007ffa4c5eb000 	C:\Windows\System32\GDI32.dll
0x00007ffa4c040000 - 0x00007ffa4c0de000 	C:\Windows\System32\msvcrt.dll
0x00007ffa4baa0000 - 0x00007ffa4bbad000 	C:\Windows\System32\gdi32full.dll
0x00007ffa4b430000 - 0x00007ffa4b4cd000 	C:\Windows\System32\msvcp_win.dll
0x00007ffa4bbe0000 - 0x00007ffa4bc10000 	C:\Windows\System32\IMM32.DLL
0x00007ffa08b30000 - 0x00007ffa08bcd000 	C:\Program Files\Android\Android Studio\jre\bin\msvcp140.dll
0x00007ff9fcb20000 - 0x00007ff9fd5ef000 	C:\Program Files\Android\Android Studio\jre\bin\server\jvm.dll
0x00007ffa4d1b0000 - 0x00007ffa4d25e000 	C:\Windows\System32\ADVAPI32.dll
0x00007ffa4bf40000 - 0x00007ffa4bfdc000 	C:\Windows\System32\sechost.dll
0x00007ffa4be10000 - 0x00007ffa4bf35000 	C:\Windows\System32\RPCRT4.dll
0x00007ffa4cb30000 - 0x00007ffa4cb38000 	C:\Windows\System32\PSAPI.DLL
0x00007ffa37d30000 - 0x00007ffa37d39000 	C:\Windows\SYSTEM32\WSOCK32.dll
0x00007ffa4dae0000 - 0x00007ffa4db4b000 	C:\Windows\System32\WS2_32.dll
0x00007ffa41df0000 - 0x00007ffa41e17000 	C:\Windows\SYSTEM32\WINMM.dll
0x00007ffa41e20000 - 0x00007ffa41e2a000 	C:\Windows\SYSTEM32\VERSION.dll
0x00007ffa49190000 - 0x00007ffa491a2000 	C:\Windows\SYSTEM32\kernel.appcore.dll
0x00007ffa3fc10000 - 0x00007ffa3fc21000 	C:\Program Files\Android\Android Studio\jre\bin\verify.dll
0x00007ffa37a70000 - 0x00007ffa37c54000 	C:\Windows\SYSTEM32\DBGHELP.DLL
0x00007ffa37cc0000 - 0x00007ffa37cec000 	C:\Windows\SYSTEM32\dbgcore.DLL
0x00007ffa4b2a0000 - 0x00007ffa4b322000 	C:\Windows\System32\bcryptPrimitives.dll
0x00007ffa3e270000 - 0x00007ffa3e299000 	C:\Program Files\Android\Android Studio\jre\bin\java.dll
0x00007ffa40050000 - 0x00007ffa4005b000 	C:\Program Files\Android\Android Studio\jre\bin\jimage.dll
0x00007ffa3f760000 - 0x00007ffa3f778000 	C:\Program Files\Android\Android Studio\jre\bin\zip.dll
0x00007ffa4d390000 - 0x00007ffa4dad4000 	C:\Windows\System32\SHELL32.dll
0x00007ffa49390000 - 0x00007ffa49b24000 	C:\Windows\SYSTEM32\windows.storage.dll
0x00007ffa4c190000 - 0x00007ffa4c4e5000 	C:\Windows\System32\combase.dll
0x00007ffa4ac20000 - 0x00007ffa4ac4e000 	C:\Windows\SYSTEM32\Wldp.dll
0x00007ffa4c0e0000 - 0x00007ffa4c18d000 	C:\Windows\System32\SHCORE.dll
0x00007ffa4cc60000 - 0x00007ffa4ccb5000 	C:\Windows\System32\shlwapi.dll
0x00007ffa4b1e0000 - 0x00007ffa4b1ff000 	C:\Windows\SYSTEM32\profapi.dll
0x00007ffa3f1d0000 - 0x00007ffa3f1ea000 	C:\Program Files\Android\Android Studio\jre\bin\net.dll
0x00007ffa3d220000 - 0x00007ffa3d32c000 	C:\Windows\SYSTEM32\WINHTTP.dll
0x00007ffa4a980000 - 0x00007ffa4a9ea000 	C:\Windows\system32\mswsock.dll
0x00007ffa3eb90000 - 0x00007ffa3eba4000 	C:\Program Files\Android\Android Studio\jre\bin\nio.dll
0x00007ffa3f220000 - 0x00007ffa3f247000 	C:\Users\atola\.gradle\native\8bec1ad78214c89d9ad589b4d07fe93259594b29d510b10fafb7a158f7737e5d\windows-amd64\native-platform.dll
0x00007ffa1bcd0000 - 0x00007ffa1be0d000 	C:\Users\atola\.gradle\native\53dbd7edfb1c66fb8903c78663c9afc45aea4f116125fa6feffd364cf09443e8\windows-amd64\native-platform-file-events.dll
0x00007ffa3fd50000 - 0x00007ffa3fd5a000 	C:\Program Files\Android\Android Studio\jre\bin\management.dll
0x00007ffa3f160000 - 0x00007ffa3f16c000 	C:\Program Files\Android\Android Studio\jre\bin\management_ext.dll
0x00007ffa4ab80000 - 0x00007ffa4ab98000 	C:\Windows\SYSTEM32\CRYPTSP.dll
0x00007ffa4a300000 - 0x00007ffa4a334000 	C:\Windows\system32\rsaenh.dll
0x00007ffa4ba70000 - 0x00007ffa4ba97000 	C:\Windows\System32\bcrypt.dll
0x00007ffa4b160000 - 0x00007ffa4b18e000 	C:\Windows\SYSTEM32\USERENV.dll
0x00007ffa4ab70000 - 0x00007ffa4ab7c000 	C:\Windows\SYSTEM32\CRYPTBASE.dll
0x00007ffa4a670000 - 0x00007ffa4a6ab000 	C:\Windows\SYSTEM32\IPHLPAPI.DLL
0x00007ffa4cc50000 - 0x00007ffa4cc58000 	C:\Windows\System32\NSI.dll
0x00007ffa443b0000 - 0x00007ffa443c7000 	C:\Windows\SYSTEM32\dhcpcsvc6.DLL
0x00007ffa42b70000 - 0x00007ffa42b8d000 	C:\Windows\SYSTEM32\dhcpcsvc.DLL
0x00007ffa4a6b0000 - 0x00007ffa4a77b000 	C:\Windows\SYSTEM32\DNSAPI.dll

dbghelp: loaded successfully - version: 4.0.5 - missing functions: none
symbol engine: initialized successfully - sym options: 0x614 - pdb path: .;C:\Program Files\Android\Android Studio\jre\bin;C:\Windows\SYSTEM32;C:\Windows\WinSxS\amd64_microsoft.windows.common-controls_6595b64144ccf1df_6.0.19041.1110_none_60b5254171f9507e;C:\Program Files\Android\Android Studio\jre\bin\server;C:\Users\atola\.gradle\native\8bec1ad78214c89d9ad589b4d07fe93259594b29d510b10fafb7a158f7737e5d\windows-amd64;C:\Users\atola\.gradle\native\53dbd7edfb1c66fb8903c78663c9afc45aea4f116125fa6feffd364cf09443e8\windows-amd64

VM Arguments:
jvm_args: --add-opens=java.base/java.util=ALL-UNNAMED --add-opens=java.base/java.lang=ALL-UNNAMED --add-opens=java.base/java.lang.invoke=ALL-UNNAMED --add-opens=java.base/java.util=ALL-UNNAMED --add-opens=java.prefs/java.util.prefs=ALL-UNNAMED --add-opens=java.prefs/java.util.prefs=ALL-UNNAMED --add-opens=java.base/java.nio.charset=ALL-UNNAMED --add-opens=java.base/java.net=ALL-UNNAMED --add-opens=java.base/java.util.concurrent.atomic=ALL-UNNAMED -Xmx2048m -Dfile.encoding=UTF-8 -Duser.country=GB -Duser.language=en -Duser.variant 
java_command: org.gradle.launcher.daemon.bootstrap.GradleDaemon 7.0.2
java_class_path (initial): C:\Users\atola\.gradle\wrapper\dists\gradle-7.0.2-bin\857tjihv64xamwrf0h14cai3r\gradle-7.0.2\lib\gradle-launcher-7.0.2.jar
Launcher Type: SUN_STANDARD

[Global flags]
     intx CICompilerCount                          = 3                                         {product} {ergonomic}
     uint ConcGCThreads                            = 1                                         {product} {ergonomic}
     uint G1ConcRefinementThreads                  = 4                                         {product} {ergonomic}
   size_t G1HeapRegionSize                         = 1048576                                   {product} {ergonomic}
    uintx GCDrainStackTargetSize                   = 64                                        {product} {ergonomic}
   size_t InitialHeapSize                          = 58720256                                  {product} {ergonomic}
   size_t MarkStackSize                            = 4194304                                   {product} {ergonomic}
   size_t MaxHeapSize                              = 2147483648                                {product} {command line}
   size_t MaxNewSize                               = 1287651328                                {product} {ergonomic}
   size_t MinHeapDeltaBytes                        = 1048576                                   {product} {ergonomic}
    uintx NonNMethodCodeHeapSize                   = 5830732                                {pd product} {ergonomic}
    uintx NonProfiledCodeHeapSize                  = 122913754                              {pd product} {ergonomic}
    uintx ProfiledCodeHeapSize                     = 122913754                              {pd product} {ergonomic}
    uintx ReservedCodeCacheSize                    = 251658240                              {pd product} {ergonomic}
     bool SegmentedCodeCache                       = true                                      {product} {ergonomic}
     bool UseCompressedClassPointers               = true                                 {lp64_product} {ergonomic}
     bool UseCompressedOops                        = true                                 {lp64_product} {ergonomic}
     bool UseG1GC                                  = true                                      {product} {ergonomic}
     bool UseLargePagesIndividualAllocation        = false                                  {pd product} {ergonomic}

Logging:
Log output configuration:
 #0: stdout all=warning uptime,level,tags
 #1: stderr all=off uptime,level,tags

Environment Variables:
JAVA_HOME=C:\Program Files\jdk-13.0.2
PATH=C:\Windows\system32;C:\Windows;C:\Windows\System32\Wbem;C:\Windows\System32\WindowsPowerShell\v1.0\;C:\Windows\System32\OpenSSH\;C:\Program Files\jdk-13.0.2\bin;C:\Program Files\Git\cmd;C:\msys64\mingw64\bin;C:\Program Files\MongoDB\Server\5.0\bin\;C:\Program Files\CodeBlocks\MinGW\bin;C:\Users\atola\AppData\Local\bin\NASM;C:\Program Files\PostgreSQL\14\bin;C:\Program Files\PostgreSQL\14\scripts;C:\Users\atola\AppData\Local\Android\Sdk\platform-tools;C:\Users\atola\Downloads\jdt-language-server-latest;C:\Users\atola\Downloads\apache-maven-3.8.5-bin\apache-maven-3.8.5\bin;C:\Users\atola\AppData\Local\Microsoft\WindowsApps;C:\Program Files\JetBrains\IntelliJ IDEA Community Edition 2020.3.2\bin;;C:\Users\atola\Downloads\flutter_windows_2.5.2-stable\flutter\bin;C:\Users\atola\AppData\Local\Programs\Microsoft VS Code\bin
USERNAME=atola
OS=Windows_NT
PROCESSOR_IDENTIFIER=AMD64 Family 23 Model 24 Stepping 1, AuthenticAMD



---------------  S Y S T E M  ---------------

OS: Windows 10 , 64 bit Build 19041 (10.0.19041.1503)
OS uptime: 26 days 12:25 hours

CPU:total 4 (initial active 4) (4 cores per cpu, 2 threads per core) family 23 model 24 stepping 1 microcode 0x0, cmov, cx8, fxsr, mmx, sse, sse2, sse3, ssse3, sse4.1, sse4.2, popcnt, avx, avx2, aes, clmul, mmxext, 3dnowpref, lzcnt, sse4a, ht, tsc, tscinvbit, tscinv, bmi1, bmi2, adx, s

Memory: 4k page, system-wide physical 3522M (336M free)
TotalPageFile size 14274M (AvailPageFile size 4M)
current process WorkingSet (physical memory assigned to process): 138M, peak: 138M
current process commit charge ("private bytes"): 177M, peak: 177M

vm_info: OpenJDK 64-Bit Server VM (11.0.10+0-b96-7249189) for windows-amd64 JRE (11.0.10+0-b96-7249189), built on Mar 31 2021 21:44:00 by "builder" with MS VC++ 14.0 (VS2015)

END.
