#
# There is insufficient memory for the Java Runtime Environment to continue.
# Native memory allocation (malloc) failed to allocate 1369776 bytes for Chunk::new
# Possible reasons:
#   The system is out of physical RAM or swap space
#   The process is running with CompressedOops enabled, and the Java Heap may be blocking the growth of the native heap
# Possible solutions:
#   Reduce memory load on the system
#   Increase physical memory or swap space
#   Check if swap backing store is full
#   Decrease Java heap size (-Xmx/-Xms)
#   Decrease number of Java threads
#   Decrease Java thread stack sizes (-Xss)
#   Set larger code cache with -XX:ReservedCodeCacheSize=
#   JVM is running with Unscaled Compressed Oops mode in which the Java heap is
#     placed in the first 4GB address space. The Java Heap base address is the
#     maximum limit for the native heap growth. Please use -XX:HeapBaseMinAddress
#     to set the Java Heap base and to place the Java Heap above 4GB virtual address.
# This output file may be truncated or incomplete.
#
#  Out of Memory Error (./src/hotspot/share/memory/arena.cpp:197), pid=9424, tid=12600
#
# JRE version: OpenJDK Runtime Environment (11.0.10) (build 11.0.10+0-b96-7249189)
# Java VM: OpenJDK 64-Bit Server VM (11.0.10+0-b96-7249189, mixed mode, tiered, compressed oops, g1 gc, windows-amd64)
# No core dump will be written. Minidumps are not enabled by default on client versions of Windows
#

---------------  S U M M A R Y ------------

Command Line: --add-opens=java.base/java.util=ALL-UNNAMED --add-opens=java.base/java.lang=ALL-UNNAMED --add-opens=java.base/java.lang.invoke=ALL-UNNAMED --add-opens=java.base/java.util=ALL-UNNAMED --add-opens=java.prefs/java.util.prefs=ALL-UNNAMED --add-opens=java.prefs/java.util.prefs=ALL-UNNAMED --add-opens=java.base/java.nio.charset=ALL-UNNAMED --add-opens=java.base/java.net=ALL-UNNAMED --add-opens=java.base/java.util.concurrent.atomic=ALL-UNNAMED -Xmx2048m -Dfile.encoding=UTF-8 -Duser.country=GB -Duser.language=en -Duser.variant org.gradle.launcher.daemon.bootstrap.GradleDaemon 7.0.2

Host: AMD Ryzen 3 3200U with Radeon Vega Mobile Gfx  , 4 cores, 3G,  Windows 10 , 64 bit Build 19041 (10.0.19041.1503)
Time: Wed Apr 20 06:00:42 2022 W. Central Africa Standard Time elapsed time: 14.801043 seconds (0d 0h 0m 14s)

---------------  T H R E A D  ---------------

Current thread (0x0000023bc0697000):  JavaThread "C2 CompilerThread0" daemon [_thread_in_native, id=12600, stack(0x000000f7b8c00000,0x000000f7b8d00000)]


Current CompileTask:
C2:  14801 2436   !   4       java.net.URL::<init> (543 bytes)

Stack: [0x000000f7b8c00000,0x000000f7b8d00000]
Native frames: (J=compiled Java code, j=interpreted, Vv=VM code, C=native code)
V  [jvm.dll+0x5ecfaa]
V  [jvm.dll+0x722bd5]
V  [jvm.dll+0x72412d]
V  [jvm.dll+0x7247e3]
V  [jvm.dll+0x242928]
V  [jvm.dll+0xbc4fc]
V  [jvm.dll+0xbca0c]
V  [jvm.dll+0x352d3b]
V  [jvm.dll+0x320ad3]
V  [jvm.dll+0x31ffca]
V  [jvm.dll+0x1fb602]
V  [jvm.dll+0x1fa7f4]
V  [jvm.dll+0x18354c]
V  [jvm.dll+0x208ee7]
V  [jvm.dll+0x207731]
V  [jvm.dll+0x6eb1cf]
V  [jvm.dll+0x6e3d45]
V  [jvm.dll+0x5ebe96]
C  [ucrtbase.dll+0x21bb2]
C  [KERNEL32.DLL+0x17034]
C  [ntdll.dll+0x52651]


---------------  P R O C E S S  ---------------

Threads class SMR info:
_java_thread_list=0x0000023bc2b7c4b0, length=32, elements={
0x0000023ba629c000, 0x0000023bc0635800, 0x0000023bc0637000, 0x0000023bc0692800,
0x0000023bc0694000, 0x0000023bc0696000, 0x0000023bc0697000, 0x0000023bc069c800,
0x0000023bc06a4000, 0x0000023bc08fa000, 0x0000023bc1412800, 0x0000023bc0d65800,
0x0000023bc0d46800, 0x0000023bc1973000, 0x0000023bc0d50000, 0x0000023bc080d000,
0x0000023bc12dd000, 0x0000023bc16d7000, 0x0000023bc0b7a800, 0x0000023bc0801000,
0x0000023bc0802000, 0x0000023bc0802800, 0x0000023bc0803800, 0x0000023bc0804800,
0x0000023bc0800800, 0x0000023bc0806000, 0x0000023bc0805000, 0x0000023bc0807000,
0x0000023bc47e1000, 0x0000023bc47e0800, 0x0000023bc47de000, 0x0000023bc47de800
}

Java Threads: ( => current thread )
  0x0000023ba629c000 JavaThread "main" [_thread_blocked, id=3000, stack(0x000000f7b8000000,0x000000f7b8100000)]
  0x0000023bc0635800 JavaThread "Reference Handler" daemon [_thread_blocked, id=11116, stack(0x000000f7b8700000,0x000000f7b8800000)]
  0x0000023bc0637000 JavaThread "Finalizer" daemon [_thread_blocked, id=7312, stack(0x000000f7b8800000,0x000000f7b8900000)]
  0x0000023bc0692800 JavaThread "Signal Dispatcher" daemon [_thread_blocked, id=7748, stack(0x000000f7b8900000,0x000000f7b8a00000)]
  0x0000023bc0694000 JavaThread "Attach Listener" daemon [_thread_blocked, id=13732, stack(0x000000f7b8a00000,0x000000f7b8b00000)]
  0x0000023bc0696000 JavaThread "Service Thread" daemon [_thread_blocked, id=3232, stack(0x000000f7b8b00000,0x000000f7b8c00000)]
=>0x0000023bc0697000 JavaThread "C2 CompilerThread0" daemon [_thread_in_native, id=12600, stack(0x000000f7b8c00000,0x000000f7b8d00000)]
  0x0000023bc069c800 JavaThread "C1 CompilerThread0" daemon [_thread_blocked, id=9008, stack(0x000000f7b8d00000,0x000000f7b8e00000)]
  0x0000023bc06a4000 JavaThread "Sweeper thread" daemon [_thread_blocked, id=8572, stack(0x000000f7b8e00000,0x000000f7b8f00000)]
  0x0000023bc08fa000 JavaThread "Common-Cleaner" daemon [_thread_blocked, id=9144, stack(0x000000f7b8f00000,0x000000f7b9000000)]
  0x0000023bc1412800 JavaThread "Daemon health stats" [_thread_blocked, id=3456, stack(0x000000f7b9200000,0x000000f7b9300000)]
  0x0000023bc0d65800 JavaThread "Incoming local TCP Connector on port 55339" [_thread_in_native, id=11024, stack(0x000000f7b9300000,0x000000f7b9400000)]
  0x0000023bc0d46800 JavaThread "Daemon periodic checks" [_thread_blocked, id=1268, stack(0x000000f7b9400000,0x000000f7b9500000)]
  0x0000023bc1973000 JavaThread "Daemon" [_thread_blocked, id=1528, stack(0x000000f7b9500000,0x000000f7b9600000)]
  0x0000023bc0d50000 JavaThread "Handler for socket connection from /127.0.0.1:55339 to /127.0.0.1:55340" [_thread_in_native, id=12136, stack(0x000000f7b9600000,0x000000f7b9700000)]
  0x0000023bc080d000 JavaThread "Cancel handler" [_thread_blocked, id=1112, stack(0x000000f7b9700000,0x000000f7b9800000)]
  0x0000023bc12dd000 JavaThread "Daemon worker" [_thread_in_vm, id=3780, stack(0x000000f7b9800000,0x000000f7b9900000)]
  0x0000023bc16d7000 JavaThread "Asynchronous log dispatcher for DefaultDaemonConnection: socket connection from /127.0.0.1:55339 to /127.0.0.1:55340" [_thread_blocked, id=6536, stack(0x000000f7b9900000,0x000000f7b9a00000)]
  0x0000023bc0b7a800 JavaThread "Stdin handler" [_thread_blocked, id=6068, stack(0x000000f7b9a00000,0x000000f7b9b00000)]
  0x0000023bc0801000 JavaThread "Daemon client event forwarder" [_thread_blocked, id=5412, stack(0x000000f7b9b00000,0x000000f7b9c00000)]
  0x0000023bc0802000 JavaThread "Cache worker for file hash cache (C:\Users\atola\.gradle\caches\7.0.2\fileHashes)" [_thread_blocked, id=11972, stack(0x000000f7b9e00000,0x000000f7b9f00000)]
  0x0000023bc0802800 JavaThread "File lock request listener" [_thread_in_native, id=2216, stack(0x000000f7b9f00000,0x000000f7ba000000)]
  0x0000023bc0803800 JavaThread "Cache worker for journal cache (C:\Users\atola\.gradle\caches\journal-1)" [_thread_blocked, id=4808, stack(0x000000f7ba000000,0x000000f7ba100000)]
  0x0000023bc0804800 JavaThread "Cache worker for file hash cache (C:\Users\atola\Downloads\android-basics-kotlin-create-dice-roller-with-button-app-solution-master\Khalo1\.gradle\7.0.2\fileHashes)" [_thread_blocked, id=5716, stack(0x000000f7ba100000,0x000000f7ba200000)]
  0x0000023bc0800800 JavaThread "File watcher server" daemon [_thread_in_native, id=3892, stack(0x000000f7ba200000,0x000000f7ba300000)]
  0x0000023bc0806000 JavaThread "File watcher consumer" daemon [_thread_blocked, id=1824, stack(0x000000f7ba300000,0x000000f7ba400000)]
  0x0000023bc0805000 JavaThread "jar transforms" [_thread_blocked, id=7284, stack(0x000000f7ba400000,0x000000f7ba500000)]
  0x0000023bc0807000 JavaThread "jar transforms Thread 2" [_thread_blocked, id=14004, stack(0x000000f7ba500000,0x000000f7ba600000)]
  0x0000023bc47e1000 JavaThread "jar transforms Thread 3" [_thread_blocked, id=8444, stack(0x000000f7ba600000,0x000000f7ba700000)]
  0x0000023bc47e0800 JavaThread "jar transforms Thread 4" [_thread_blocked, id=14288, stack(0x000000f7ba700000,0x000000f7ba800000)]
  0x0000023bc47de000 JavaThread "Cache worker for checksums cache (C:\Users\atola\Downloads\android-basics-kotlin-create-dice-roller-with-button-app-solution-master\Khalo1\.gradle\checksums)" [_thread_blocked, id=512, stack(0x000000f7ba800000,0x000000f7ba900000)]
  0x0000023bc47de800 JavaThread "Cache worker for cache directory md-supplier (C:\Users\atola\.gradle\caches\7.0.2\md-supplier)" [_thread_blocked, id=5100, stack(0x000000f7ba900000,0x000000f7baa00000)]

Other Threads:
  0x0000023bc062c800 VMThread "VM Thread" [stack: 0x000000f7b8600000,0x000000f7b8700000] [id=6172]
  0x0000023bc0929000 WatcherThread [stack: 0x000000f7b9000000,0x000000f7b9100000] [id=4972]
  0x0000023ba62b5800 GCTaskThread "GC Thread#0" [stack: 0x000000f7b8100000,0x000000f7b8200000] [id=4452]
  0x0000023bc1119800 GCTaskThread "GC Thread#1" [stack: 0x000000f7b9100000,0x000000f7b9200000] [id=10780]
  0x0000023bc16d2000 GCTaskThread "GC Thread#2" [stack: 0x000000f7b9c00000,0x000000f7b9d00000] [id=2384]
  0x0000023bc0b7b800 GCTaskThread "GC Thread#3" [stack: 0x000000f7b9d00000,0x000000f7b9e00000] [id=10012]
  0x0000023ba62e7000 ConcurrentGCThread "G1 Main Marker" [stack: 0x000000f7b8200000,0x000000f7b8300000] [id=10140]
  0x0000023ba62e8000 ConcurrentGCThread "G1 Conc#0" [stack: 0x000000f7b8300000,0x000000f7b8400000] [id=2732]
  0x0000023ba632e000 ConcurrentGCThread "G1 Refine#0" [stack: 0x000000f7b8400000,0x000000f7b8500000] [id=5168]
  0x0000023ba632f000 ConcurrentGCThread "G1 Young RemSet Sampling" [stack: 0x000000f7b8500000,0x000000f7b8600000] [id=13748]

Threads with active compile tasks:
C2 CompilerThread0  14856 2436   !   4       java.net.URL::<init> (543 bytes)

VM state:not at safepoint (normal execution)

VM Mutex/Monitor currently owned by a thread: None

Heap address: 0x0000000080000000, size: 2048 MB, Compressed Oops mode: 32-bit
Narrow klass base: 0x0000000000000000, Narrow klass shift: 3
Compressed class space size: 1073741824 Address: 0x0000000100000000

Heap:
 garbage-first heap   total 57344K, used 42037K [0x0000000080000000, 0x0000000100000000)
  region size 1024K, 11 young (11264K), 1 survivors (1024K)
 Metaspace       used 27801K, capacity 28568K, committed 28672K, reserved 1073152K
  class space    used 3692K, capacity 4002K, committed 4096K, reserved 1048576K
Heap Regions: E=young(eden), S=young(survivor), O=old, HS=humongous(starts), HC=humongous(continues), CS=collection set, F=free, A=archive, TAMS=top-at-mark-start (previous, next)
|   0|0x0000000080000000, 0x0000000080100000, 0x0000000080100000|100%| O|  |TAMS 0x0000000080100000, 0x0000000080000000| Untracked 
|   1|0x0000000080100000, 0x0000000080200000, 0x0000000080200000|100%| O|  |TAMS 0x0000000080200000, 0x0000000080100000| Untracked 
|   2|0x0000000080200000, 0x0000000080300000, 0x0000000080300000|100%| O|  |TAMS 0x0000000080300000, 0x0000000080200000| Untracked 
|   3|0x0000000080300000, 0x0000000080400000, 0x0000000080400000|100%|HS|  |TAMS 0x0000000080400000, 0x0000000080300000| Complete 
|   4|0x0000000080400000, 0x0000000080500000, 0x0000000080500000|100%|HC|  |TAMS 0x0000000080500000, 0x0000000080400000| Complete 
|   5|0x0000000080500000, 0x0000000080600000, 0x0000000080600000|100%|HC|  |TAMS 0x0000000080600000, 0x0000000080500000| Complete 
|   6|0x0000000080600000, 0x0000000080700000, 0x0000000080700000|100%| O|  |TAMS 0x0000000080700000, 0x0000000080600000| Untracked 
|   7|0x0000000080700000, 0x0000000080800000, 0x0000000080800000|100%| O|  |TAMS 0x0000000080800000, 0x0000000080700000| Untracked 
|   8|0x0000000080800000, 0x0000000080900000, 0x0000000080900000|100%| O|  |TAMS 0x0000000080900000, 0x0000000080800000| Untracked 
|   9|0x0000000080900000, 0x0000000080a00000, 0x0000000080a00000|100%| O|  |TAMS 0x0000000080a00000, 0x0000000080900000| Untracked 
|  10|0x0000000080a00000, 0x0000000080b00000, 0x0000000080b00000|100%| O|  |TAMS 0x0000000080b00000, 0x0000000080a00000| Untracked 
|  11|0x0000000080b00000, 0x0000000080c00000, 0x0000000080c00000|100%| O|  |TAMS 0x0000000080c00000, 0x0000000080b00000| Untracked 
|  12|0x0000000080c00000, 0x0000000080d00000, 0x0000000080d00000|100%| O|  |TAMS 0x0000000080d00000, 0x0000000080c00000| Untracked 
|  13|0x0000000080d00000, 0x0000000080e00000, 0x0000000080e00000|100%| O|  |TAMS 0x0000000080e00000, 0x0000000080d00000| Untracked 
|  14|0x0000000080e00000, 0x0000000080f00000, 0x0000000080f00000|100%| O|  |TAMS 0x0000000080f00000, 0x0000000080e00000| Untracked 
|  15|0x0000000080f00000, 0x0000000081000000, 0x0000000081000000|100%| O|  |TAMS 0x0000000081000000, 0x0000000080f00000| Untracked 
|  16|0x0000000081000000, 0x0000000081100000, 0x0000000081100000|100%|HS|  |TAMS 0x0000000081100000, 0x0000000081000000| Complete 
|  17|0x0000000081100000, 0x0000000081200000, 0x0000000081200000|100%|HC|  |TAMS 0x0000000081200000, 0x0000000081100000| Complete 
|  18|0x0000000081200000, 0x0000000081300000, 0x0000000081300000|100%|HS|  |TAMS 0x0000000081300000, 0x0000000081200000| Complete 
|  19|0x0000000081300000, 0x0000000081400000, 0x0000000081400000|100%|HC|  |TAMS 0x0000000081400000, 0x0000000081300000| Complete 
|  20|0x0000000081400000, 0x0000000081500000, 0x0000000081500000|100%|HC|  |TAMS 0x0000000081500000, 0x0000000081400000| Complete 
|  21|0x0000000081500000, 0x0000000081600000, 0x0000000081600000|100%|HS|  |TAMS 0x0000000081600000, 0x0000000081500000| Complete 
|  22|0x0000000081600000, 0x0000000081700000, 0x0000000081700000|100%|HC|  |TAMS 0x0000000081700000, 0x0000000081600000| Complete 
|  23|0x0000000081700000, 0x0000000081800000, 0x0000000081800000|100%|HC|  |TAMS 0x0000000081800000, 0x0000000081700000| Complete 
|  24|0x0000000081800000, 0x0000000081900000, 0x0000000081900000|100%|HC|  |TAMS 0x0000000081900000, 0x0000000081800000| Complete 
|  25|0x0000000081900000, 0x0000000081a00000, 0x0000000081a00000|100%|HC|  |TAMS 0x0000000081a00000, 0x0000000081900000| Complete 
|  26|0x0000000081a00000, 0x0000000081b00000, 0x0000000081b00000|100%| O|  |TAMS 0x0000000081b00000, 0x0000000081a00000| Untracked 
|  27|0x0000000081b00000, 0x0000000081c00000, 0x0000000081c00000|100%| O|  |TAMS 0x0000000081c00000, 0x0000000081b00000| Untracked 
|  28|0x0000000081c00000, 0x0000000081d00000, 0x0000000081d00000|100%| O|  |TAMS 0x0000000081d00000, 0x0000000081c00000| Untracked 
|  29|0x0000000081d00000, 0x0000000081e00000, 0x0000000081e00000|100%| O|  |TAMS 0x0000000081e00000, 0x0000000081d00000| Untracked 
|  30|0x0000000081e00000, 0x0000000081f00000, 0x0000000081f00000|100%| O|  |TAMS 0x0000000081f00000, 0x0000000081e00000| Untracked 
|  31|0x0000000081f00000, 0x0000000081f00000, 0x0000000082000000|  0%| F|  |TAMS 0x0000000081f00000, 0x0000000081f00000| Untracked 
|  32|0x0000000082000000, 0x00000000820bc800, 0x0000000082100000| 73%| O|  |TAMS 0x00000000820bc800, 0x0000000082000000| Untracked 
|  33|0x0000000082100000, 0x0000000082100000, 0x0000000082200000|  0%| F|  |TAMS 0x0000000082100000, 0x0000000082100000| Untracked 
|  34|0x0000000082200000, 0x0000000082200000, 0x0000000082300000|  0%| F|  |TAMS 0x0000000082200000, 0x0000000082200000| Untracked 
|  35|0x0000000082300000, 0x0000000082300000, 0x0000000082400000|  0%| F|  |TAMS 0x0000000082300000, 0x0000000082300000| Untracked 
|  36|0x0000000082400000, 0x0000000082400000, 0x0000000082500000|  0%| F|  |TAMS 0x0000000082400000, 0x0000000082400000| Untracked 
|  37|0x0000000082500000, 0x0000000082500000, 0x0000000082600000|  0%| F|  |TAMS 0x0000000082500000, 0x0000000082500000| Untracked 
|  38|0x0000000082600000, 0x0000000082600000, 0x0000000082700000|  0%| F|  |TAMS 0x0000000082600000, 0x0000000082600000| Untracked 
|  39|0x0000000082700000, 0x0000000082700000, 0x0000000082800000|  0%| F|  |TAMS 0x0000000082700000, 0x0000000082700000| Untracked 
|  40|0x0000000082800000, 0x0000000082800000, 0x0000000082900000|  0%| F|  |TAMS 0x0000000082800000, 0x0000000082800000| Untracked 
|  41|0x0000000082900000, 0x0000000082900000, 0x0000000082a00000|  0%| F|  |TAMS 0x0000000082900000, 0x0000000082900000| Untracked 
|  42|0x0000000082a00000, 0x0000000082a00000, 0x0000000082b00000|  0%| F|  |TAMS 0x0000000082a00000, 0x0000000082a00000| Untracked 
|  43|0x0000000082b00000, 0x0000000082b00000, 0x0000000082c00000|  0%| F|  |TAMS 0x0000000082b00000, 0x0000000082b00000| Untracked 
|  44|0x0000000082c00000, 0x0000000082c50d88, 0x0000000082d00000| 31%| S|CS|TAMS 0x0000000082c00000, 0x0000000082c00000| Complete 
|  45|0x0000000082d00000, 0x0000000082d00000, 0x0000000082e00000|  0%| F|  |TAMS 0x0000000082d00000, 0x0000000082d00000| Untracked 
|  46|0x0000000082e00000, 0x0000000082ea2de0, 0x0000000082f00000| 63%| E|  |TAMS 0x0000000082e00000, 0x0000000082e00000| Complete 
|  47|0x0000000082f00000, 0x0000000083000000, 0x0000000083000000|100%| E|CS|TAMS 0x0000000082f00000, 0x0000000082f00000| Complete 
|  48|0x0000000083000000, 0x0000000083100000, 0x0000000083100000|100%| E|CS|TAMS 0x0000000083000000, 0x0000000083000000| Complete 
|  49|0x0000000083100000, 0x0000000083200000, 0x0000000083200000|100%| E|CS|TAMS 0x0000000083100000, 0x0000000083100000| Complete 
|  50|0x0000000083200000, 0x0000000083300000, 0x0000000083300000|100%| E|CS|TAMS 0x0000000083200000, 0x0000000083200000| Complete 
|  51|0x0000000083300000, 0x0000000083400000, 0x0000000083400000|100%| E|CS|TAMS 0x0000000083300000, 0x0000000083300000| Complete 
|  52|0x0000000083400000, 0x0000000083500000, 0x0000000083500000|100%| E|CS|TAMS 0x0000000083400000, 0x0000000083400000| Complete 
|  53|0x0000000083500000, 0x0000000083600000, 0x0000000083600000|100%| E|CS|TAMS 0x0000000083500000, 0x0000000083500000| Complete 
|  54|0x0000000083600000, 0x0000000083700000, 0x0000000083700000|100%| E|CS|TAMS 0x0000000083600000, 0x0000000083600000| Complete 
|  55|0x0000000083700000, 0x0000000083800000, 0x0000000083800000|100%| E|CS|TAMS 0x0000000083700000, 0x0000000083700000| Complete 

Card table byte_map: [0x0000023bb9190000,0x0000023bb9590000] _byte_map_base: 0x0000023bb8d90000

Marking Bits (Prev, Next): (CMBitMap*) 0x0000023ba62ddfe8, (CMBitMap*) 0x0000023ba62de020
 Prev Bits: [0x0000023bb9990000, 0x0000023bbb990000)
 Next Bits: [0x0000023bbb990000, 0x0000023bbd990000)

Polling page: 0x0000023ba4200000

Metaspace:

Usage:
  Non-class:     23.99 MB capacity,    23.56 MB ( 98%) used,   377.44 KB (  2%) free+waste,    64.25 KB ( <1%) overhead. 
      Class:      3.91 MB capacity,     3.61 MB ( 92%) used,   273.23 KB (  7%) free+waste,    32.75 KB ( <1%) overhead. 
       Both:     27.90 MB capacity,    27.17 MB ( 97%) used,   650.66 KB (  2%) free+waste,    97.00 KB ( <1%) overhead. 

Virtual space:
  Non-class space:       24.00 MB reserved,      24.00 MB (100%) committed 
      Class space:        1.00 GB reserved,       4.00 MB ( <1%) committed 
             Both:        1.02 GB reserved,      28.00 MB (  3%) committed 

Chunk freelists:
   Non-Class:  10.00 KB
       Class:  0 bytes
        Both:  10.00 KB

MaxMetaspaceSize: 17179869184.00 GB
CompressedClassSpaceSize: 1.00 GB

CodeHeap 'non-profiled nmethods': size=120064Kb used=1119Kb max_used=1119Kb free=118945Kb
 bounds [0x0000023bb1850000, 0x0000023bb1ac0000, 0x0000023bb8d90000]
CodeHeap 'profiled nmethods': size=120000Kb used=5190Kb max_used=5190Kb free=114809Kb
 bounds [0x0000023baa320000, 0x0000023baa840000, 0x0000023bb1850000]
CodeHeap 'non-nmethods': size=5696Kb used=1162Kb max_used=1197Kb free=4533Kb
 bounds [0x0000023ba9d90000, 0x0000023baa000000, 0x0000023baa320000]
 total_blobs=2950 nmethods=2445 adapters=416
 compilation: enabled
              stopped_count=0, restarted_count=0
 full_count=0

Compilation events (20 events):
Event: 14.586 Thread 0x0000023bc0697000 2436   !   4       java.net.URL::<init> (543 bytes)
Event: 14.597 Thread 0x0000023bc069c800 nmethod 2435 0x0000023baa81df10 code [0x0000023baa81e440, 0x0000023baa8210f8]
Event: 14.598 Thread 0x0000023bc069c800 2437       3       com.google.common.cache.LongAdder::<init> (5 bytes)
Event: 14.599 Thread 0x0000023bc069c800 nmethod 2437 0x0000023baa822310 code [0x0000023baa8224e0, 0x0000023baa8226f8]
Event: 14.599 Thread 0x0000023bc069c800 2438       3       com.google.common.cache.Striped64::<init> (5 bytes)
Event: 14.599 Thread 0x0000023bc069c800 nmethod 2438 0x0000023baa822810 code [0x0000023baa8229c0, 0x0000023baa822b78]
Event: 14.599 Thread 0x0000023bc069c800 2439       1       com.google.common.cache.CacheBuilder::getStatsCounterSupplier (5 bytes)
Event: 14.599 Thread 0x0000023bc069c800 nmethod 2439 0x0000023bb1966610 code [0x0000023bb19667c0, 0x0000023bb1966878]
Event: 14.618 Thread 0x0000023bc069c800 2441       3       java.lang.invoke.MethodHandles$Lookup::maybeBindCaller (44 bytes)
Event: 14.618 Thread 0x0000023bc069c800 nmethod 2441 0x0000023baa822c90 code [0x0000023baa822ec0, 0x0000023baa8236d8]
Event: 14.707 Thread 0x0000023bc069c800 2445       1       org.gradle.launcher.daemon.server.exec.DaemonConnectionBackedEventConsumer::access$000 (5 bytes)
Event: 14.707 Thread 0x0000023bc069c800 nmethod 2445 0x0000023bb1966d10 code [0x0000023bb1966ec0, 0x0000023bb1966f58]
Event: 14.709 Thread 0x0000023bc069c800 2447       3       jdk.internal.org.objectweb.asm.ClassWriter::toByteArray (1423 bytes)
Event: 14.725 Thread 0x0000023bc069c800 nmethod 2447 0x0000023baa823990 code [0x0000023baa8242a0, 0x0000023baa828048]
Event: 14.727 Thread 0x0000023bc069c800 2448       3       jdk.internal.org.objectweb.asm.AnnotationWriter::put (109 bytes)
Event: 14.728 Thread 0x0000023bc069c800 nmethod 2448 0x0000023baa829890 code [0x0000023baa829aa0, 0x0000023baa829ed8]
Event: 14.769 Thread 0x0000023bc069c800 2449       3       jdk.internal.org.objectweb.asm.MethodVisitor::visitFieldInsn (20 bytes)
Event: 14.769 Thread 0x0000023bc069c800 nmethod 2449 0x0000023baa82a110 code [0x0000023baa82a2c0, 0x0000023baa82a4a8]
Event: 14.776 Thread 0x0000023bc069c800 2450       3       com.google.common.base.MoreObjects::firstNonNull (22 bytes)
Event: 14.777 Thread 0x0000023bc069c800 nmethod 2450 0x0000023baa82a590 code [0x0000023baa82a760, 0x0000023baa82a988]

GC Heap History (20 events):
Event: 5.316 GC heap before
{Heap before GC invocations=1 (full 0):
 garbage-first heap   total 57344K, used 19057K [0x0000000080000000, 0x0000000100000000)
  region size 1024K, 13 young (13312K), 2 survivors (2048K)
 Metaspace       used 10257K, capacity 10431K, committed 10624K, reserved 1058816K
  class space    used 1065K, capacity 1141K, committed 1152K, reserved 1048576K
}
Event: 5.324 GC heap after
{Heap after GC invocations=2 (full 0):
 garbage-first heap   total 57344K, used 9255K [0x0000000080000000, 0x0000000100000000)
  region size 1024K, 2 young (2048K), 2 survivors (2048K)
 Metaspace       used 10257K, capacity 10431K, committed 10624K, reserved 1058816K
  class space    used 1065K, capacity 1141K, committed 1152K, reserved 1048576K
}
Event: 7.470 GC heap before
{Heap before GC invocations=2 (full 0):
 garbage-first heap   total 57344K, used 27687K [0x0000000080000000, 0x0000000100000000)
  region size 1024K, 21 young (21504K), 2 survivors (2048K)
 Metaspace       used 11166K, capacity 11448K, committed 11520K, reserved 1058816K
  class space    used 1166K, capacity 1245K, committed 1280K, reserved 1048576K
}
Event: 7.476 GC heap after
{Heap after GC invocations=3 (full 0):
 garbage-first heap   total 57344K, used 9651K [0x0000000080000000, 0x0000000100000000)
  region size 1024K, 2 young (2048K), 2 survivors (2048K)
 Metaspace       used 11166K, capacity 11448K, committed 11520K, reserved 1058816K
  class space    used 1166K, capacity 1245K, committed 1280K, reserved 1048576K
}
Event: 9.316 GC heap before
{Heap before GC invocations=3 (full 0):
 garbage-first heap   total 57344K, used 34227K [0x0000000080000000, 0x0000000100000000)
  region size 1024K, 26 young (26624K), 2 survivors (2048K)
 Metaspace       used 11475K, capacity 11728K, committed 11904K, reserved 1060864K
  class space    used 1231K, capacity 1317K, committed 1408K, reserved 1048576K
}
Event: 9.327 GC heap after
{Heap after GC invocations=4 (full 0):
 garbage-first heap   total 57344K, used 14001K [0x0000000080000000, 0x0000000100000000)
  region size 1024K, 4 young (4096K), 4 survivors (4096K)
 Metaspace       used 11475K, capacity 11728K, committed 11904K, reserved 1060864K
  class space    used 1231K, capacity 1317K, committed 1408K, reserved 1048576K
}
Event: 12.679 GC heap before
{Heap before GC invocations=4 (full 0):
 garbage-first heap   total 57344K, used 37553K [0x0000000080000000, 0x0000000100000000)
  region size 1024K, 27 young (27648K), 4 survivors (4096K)
 Metaspace       used 17672K, capacity 18131K, committed 18432K, reserved 1064960K
  class space    used 2071K, capacity 2217K, committed 2304K, reserved 1048576K
}
Event: 12.688 GC heap after
{Heap after GC invocations=5 (full 0):
 garbage-first heap   total 57344K, used 16240K [0x0000000080000000, 0x0000000100000000)
  region size 1024K, 3 young (3072K), 3 survivors (3072K)
 Metaspace       used 17672K, capacity 18131K, committed 18432K, reserved 1064960K
  class space    used 2071K, capacity 2217K, committed 2304K, reserved 1048576K
}
Event: 13.001 GC heap before
{Heap before GC invocations=5 (full 0):
 garbage-first heap   total 57344K, used 38768K [0x0000000080000000, 0x0000000100000000)
  region size 1024K, 25 young (25600K), 3 survivors (3072K)
 Metaspace       used 20098K, capacity 20563K, committed 20864K, reserved 1067008K
  class space    used 2447K, capacity 2625K, committed 2688K, reserved 1048576K
}
Event: 13.008 GC heap after
{Heap after GC invocations=6 (full 0):
 garbage-first heap   total 57344K, used 16884K [0x0000000080000000, 0x0000000100000000)
  region size 1024K, 1 young (1024K), 1 survivors (1024K)
 Metaspace       used 20098K, capacity 20563K, committed 20864K, reserved 1067008K
  class space    used 2447K, capacity 2625K, committed 2688K, reserved 1048576K
}
Event: 13.063 GC heap before
{Heap before GC invocations=6 (full 0):
 garbage-first heap   total 57344K, used 18932K [0x0000000080000000, 0x0000000100000000)
  region size 1024K, 4 young (4096K), 1 survivors (1024K)
 Metaspace       used 20580K, capacity 21099K, committed 21248K, reserved 1067008K
  class space    used 2509K, capacity 2701K, committed 2816K, reserved 1048576K
}
Event: 13.065 GC heap after
{Heap after GC invocations=7 (full 0):
 garbage-first heap   total 57344K, used 16870K [0x0000000080000000, 0x0000000100000000)
  region size 1024K, 1 young (1024K), 1 survivors (1024K)
 Metaspace       used 20580K, capacity 21099K, committed 21248K, reserved 1067008K
  class space    used 2509K, capacity 2701K, committed 2816K, reserved 1048576K
}
Event: 13.388 GC heap before
{Heap before GC invocations=8 (full 0):
 garbage-first heap   total 57344K, used 34278K [0x0000000080000000, 0x0000000100000000)
  region size 1024K, 19 young (19456K), 1 survivors (1024K)
 Metaspace       used 22214K, capacity 22828K, committed 23040K, reserved 1069056K
  class space    used 2814K, capacity 3046K, committed 3072K, reserved 1048576K
}
Event: 13.392 GC heap after
{Heap after GC invocations=9 (full 0):
 garbage-first heap   total 57344K, used 17375K [0x0000000080000000, 0x0000000100000000)
  region size 1024K, 2 young (2048K), 2 survivors (2048K)
 Metaspace       used 22214K, capacity 22828K, committed 23040K, reserved 1069056K
  class space    used 2814K, capacity 3046K, committed 3072K, reserved 1048576K
}
Event: 13.726 GC heap before
{Heap before GC invocations=9 (full 0):
 garbage-first heap   total 57344K, used 36831K [0x0000000080000000, 0x0000000100000000)
  region size 1024K, 21 young (21504K), 2 survivors (2048K)
 Metaspace       used 24336K, capacity 24961K, committed 25216K, reserved 1071104K
  class space    used 3125K, capacity 3332K, committed 3456K, reserved 1048576K
}
Event: 13.732 GC heap after
{Heap after GC invocations=10 (full 0):
 garbage-first heap   total 57344K, used 18209K [0x0000000080000000, 0x0000000100000000)
  region size 1024K, 3 young (3072K), 3 survivors (3072K)
 Metaspace       used 24336K, capacity 24961K, committed 25216K, reserved 1071104K
  class space    used 3125K, capacity 3332K, committed 3456K, reserved 1048576K
}
Event: 14.364 GC heap before
{Heap before GC invocations=10 (full 0):
 garbage-first heap   total 57344K, used 46881K [0x0000000080000000, 0x0000000100000000)
  region size 1024K, 22 young (22528K), 3 survivors (3072K)
 Metaspace       used 26335K, capacity 27013K, committed 27264K, reserved 1073152K
  class space    used 3454K, capacity 3702K, committed 3712K, reserved 1048576K
}
Event: 14.373 GC heap after
{Heap after GC invocations=11 (full 0):
 garbage-first heap   total 57344K, used 32545K [0x0000000080000000, 0x0000000100000000)
  region size 1024K, 3 young (3072K), 3 survivors (3072K)
 Metaspace       used 26335K, capacity 27013K, committed 27264K, reserved 1073152K
  class space    used 3454K, capacity 3702K, committed 3712K, reserved 1048576K
}
Event: 14.591 GC heap before
{Heap before GC invocations=11 (full 0):
 garbage-first heap   total 57344K, used 43809K [0x0000000080000000, 0x0000000100000000)
  region size 1024K, 14 young (14336K), 3 survivors (3072K)
 Metaspace       used 27184K, capacity 28000K, committed 28288K, reserved 1073152K
  class space    used 3591K, capacity 3875K, committed 3968K, reserved 1048576K
}
Event: 14.597 GC heap after
{Heap after GC invocations=12 (full 0):
 garbage-first heap   total 57344K, used 32821K [0x0000000080000000, 0x0000000100000000)
  region size 1024K, 1 young (1024K), 1 survivors (1024K)
 Metaspace       used 27184K, capacity 28000K, committed 28288K, reserved 1073152K
  class space    used 3591K, capacity 3875K, committed 3968K, reserved 1048576K
}

Deoptimization events (20 events):
Event: 14.139 Thread 0x0000023bc12dd000 DEOPT PACKING pc=0x0000023bb193aecc sp=0x000000f7b98fbb30
Event: 14.139 Thread 0x0000023bc12dd000 DEOPT UNPACKING pc=0x0000023ba9db78af sp=0x000000f7b98fbb90 mode 2
Event: 14.157 Thread 0x0000023bc12dd000 Uncommon trap: trap_request=0xffffffc6 fr.pc=0x0000023bb193aecc relative=0x000000000000348c
Event: 14.157 Thread 0x0000023bc12dd000 Uncommon trap: reason=bimorphic_or_optimized_type_check action=maybe_recompile pc=0x0000023bb193aecc method=java.lang.ClassLoader.loadClass(Ljava/lang/String;Z)Ljava/lang/Class; @ 38 c2
Event: 14.157 Thread 0x0000023bc12dd000 DEOPT PACKING pc=0x0000023bb193aecc sp=0x000000f7b98f87c0
Event: 14.157 Thread 0x0000023bc12dd000 DEOPT UNPACKING pc=0x0000023ba9db78af sp=0x000000f7b98f8820 mode 2
Event: 14.159 Thread 0x0000023bc12dd000 Uncommon trap: trap_request=0xffffffc6 fr.pc=0x0000023bb193aecc relative=0x000000000000348c
Event: 14.159 Thread 0x0000023bc12dd000 Uncommon trap: reason=bimorphic_or_optimized_type_check action=maybe_recompile pc=0x0000023bb193aecc method=java.lang.ClassLoader.loadClass(Ljava/lang/String;Z)Ljava/lang/Class; @ 38 c2
Event: 14.159 Thread 0x0000023bc12dd000 DEOPT PACKING pc=0x0000023bb193aecc sp=0x000000f7b98f8a50
Event: 14.159 Thread 0x0000023bc12dd000 DEOPT UNPACKING pc=0x0000023ba9db78af sp=0x000000f7b98f8ab0 mode 2
Event: 14.159 Thread 0x0000023bc12dd000 Uncommon trap: trap_request=0xffffffc6 fr.pc=0x0000023bb193aecc relative=0x000000000000348c
Event: 14.160 Thread 0x0000023bc12dd000 Uncommon trap: reason=bimorphic_or_optimized_type_check action=maybe_recompile pc=0x0000023bb193aecc method=java.lang.ClassLoader.loadClass(Ljava/lang/String;Z)Ljava/lang/Class; @ 38 c2
Event: 14.160 Thread 0x0000023bc12dd000 DEOPT PACKING pc=0x0000023bb193aecc sp=0x000000f7b98fa100
Event: 14.160 Thread 0x0000023bc12dd000 DEOPT UNPACKING pc=0x0000023ba9db78af sp=0x000000f7b98fa160 mode 2
Event: 14.186 Thread 0x0000023bc12dd000 Uncommon trap: trap_request=0xffffff4d fr.pc=0x0000023bb18cc684 relative=0x0000000000001bc4
Event: 14.186 Thread 0x0000023bc12dd000 Uncommon trap: reason=unstable_if action=reinterpret pc=0x0000023bb18cc684 method=java.util.zip.ZipFile$Source.initCEN(ILjava/util/zip/ZipCoder;)V @ 582 c2
Event: 14.186 Thread 0x0000023bc12dd000 DEOPT PACKING pc=0x0000023bb18cc684 sp=0x000000f7b98f6000
Event: 14.186 Thread 0x0000023bc12dd000 DEOPT UNPACKING pc=0x0000023ba9db78af sp=0x000000f7b98f5fd0 mode 2
Event: 14.271 Thread 0x0000023bc12dd000 DEOPT PACKING pc=0x0000023baa7eb894 sp=0x000000f7b98f4e80
Event: 14.271 Thread 0x0000023bc12dd000 DEOPT UNPACKING pc=0x0000023ba9db76ce sp=0x000000f7b98f4458 mode 0

Classes redefined (0 events):
No events

Internal exceptions (20 events):
Event: 14.359 Thread 0x0000023bc12dd000 Exception <a 'java/lang/NoSuchMethodError'{0x00000000825e5098}: <clinit>> (0x00000000825e5098) thrown at [./src/hotspot/share/prims/jni.cpp, line 1362]
Event: 14.360 Thread 0x0000023bc12dd000 Exception <a 'java/lang/NoSuchMethodError'{0x00000000825efe88}: <clinit>> (0x00000000825efe88) thrown at [./src/hotspot/share/prims/jni.cpp, line 1362]
Event: 14.376 Thread 0x0000023bc12dd000 Exception <a 'java/lang/NoSuchMethodError'{0x000000008370aff0}: <clinit>> (0x000000008370aff0) thrown at [./src/hotspot/share/prims/jni.cpp, line 1362]
Event: 14.378 Thread 0x0000023bc12dd000 Exception <a 'java/lang/NoSuchMethodError'{0x0000000083714d88}: <clinit>> (0x0000000083714d88) thrown at [./src/hotspot/share/prims/jni.cpp, line 1362]
Event: 14.380 Thread 0x0000023bc12dd000 Exception <a 'java/lang/NoSuchMethodError'{0x000000008371e610}: <clinit>> (0x000000008371e610) thrown at [./src/hotspot/share/prims/jni.cpp, line 1362]
Event: 14.381 Thread 0x0000023bc12dd000 Exception <a 'java/lang/NoSuchMethodError'{0x0000000083727ed8}: <clinit>> (0x0000000083727ed8) thrown at [./src/hotspot/share/prims/jni.cpp, line 1362]
Event: 14.402 Thread 0x0000023bc12dd000 Exception <a 'java/lang/NoSuchMethodError'{0x00000000837ed420}: <clinit>> (0x00000000837ed420) thrown at [./src/hotspot/share/prims/jni.cpp, line 1362]
Event: 14.402 Thread 0x0000023bc12dd000 Exception <a 'java/lang/NoSuchMethodError'{0x00000000837efe58}: <clinit>> (0x00000000837efe58) thrown at [./src/hotspot/share/prims/jni.cpp, line 1362]
Event: 14.402 Thread 0x0000023bc12dd000 Exception <a 'java/lang/NoSuchMethodError'{0x00000000837f1460}: <clinit>> (0x00000000837f1460) thrown at [./src/hotspot/share/prims/jni.cpp, line 1362]
Event: 14.402 Thread 0x0000023bc12dd000 Exception <a 'java/lang/NoSuchMethodError'{0x00000000837f29f8}: <clinit>> (0x00000000837f29f8) thrown at [./src/hotspot/share/prims/jni.cpp, line 1362]
Event: 14.402 Thread 0x0000023bc12dd000 Exception <a 'java/lang/NoSuchMethodError'{0x00000000837f4158}: <clinit>> (0x00000000837f4158) thrown at [./src/hotspot/share/prims/jni.cpp, line 1362]
Event: 14.403 Thread 0x0000023bc12dd000 Exception <a 'java/lang/NoSuchMethodError'{0x00000000837f57f0}: <clinit>> (0x00000000837f57f0) thrown at [./src/hotspot/share/prims/jni.cpp, line 1362]
Event: 14.403 Thread 0x0000023bc12dd000 Exception <a 'java/lang/NoSuchMethodError'{0x00000000837f6d28}: <clinit>> (0x00000000837f6d28) thrown at [./src/hotspot/share/prims/jni.cpp, line 1362]
Event: 14.612 Thread 0x0000023bc12dd000 Exception <a 'java/lang/NoSuchMethodError'{0x000000008374e7c8}: 'java.lang.Object java.lang.invoke.DirectMethodHandle$Holder.invokeSpecialIFC(java.lang.Object, java.lang.Object, java.lang.Object, java.lang.Object)'> (0x000000008374e7c8) thrown at [./src/hotspot/share/interpreter/linkResolver.cpp, line 773]
Event: 14.647 Thread 0x0000023bc12dd000 Exception <a 'java/lang/NoSuchMethodError'{0x000000008362bb70}: 'java.lang.Object java.lang.invoke.DirectMethodHandle$Holder.invokeSpecial(java.lang.Object, java.lang.Object, java.lang.Object, java.lang.Object, java.lang.Object, java.lang.Object, java.lang.Object, java.lang.Object, java.lang.Object, java.lang.Object, java.lang.Object, java.lang.Object, java.lang.Object)'> (0x000000008362bb70) thrown at [./src/hotspot/share/interpreter/linkResolver.cpp, line 773]
Event: 14.650 Thread 0x0000023bc12dd000 Exception <a 'java/lang/NoSuchMethodError'{0x000000008363d048}: 'java.lang.Object java.lang.invoke.DirectMethodHandle$Holder.invokeSpecial(java.lang.Object, java.lang.Object, java.lang.Object, java.lang.Object, java.lang.Object, java.lang.Object, java.lang.Object, java.lang.Object, java.lang.Object, java.lang.Object, java.lang.Object, java.lang.Object)'> (0x000000008363d048) thrown at [./src/hotspot/share/interpreter/linkResolver.cpp, line 773]
Event: 14.652 Thread 0x0000023bc12dd000 Exception <a 'java/lang/NoSuchMethodError'{0x0000000083642170}: 'java.lang.Object java.lang.invoke.Invokers$Holder.linkToTargetMethod(java.lang.Object, java.lang.Object, java.lang.Object, java.lang.Object, java.lang.Object, java.lang.Object, java.lang.Object, java.lang.Object, java.lang.Object, java.lang.Object, java.lang.Object)'> (0x0000000083642170) thrown at [./src/hotspot/share/interpreter/linkResolver.cpp, line 773]
Event: 14.708 Thread 0x0000023bc12dd000 Exception <a 'java/lang/NoSuchMethodError'{0x00000000835855e8}: 'java.lang.Object java.lang.invoke.DirectMethodHandle$Holder.invokeSpecial(java.lang.Object, java.lang.Object, java.lang.Object, java.lang.Object, java.lang.Object, java.lang.Object, java.lang.Object, java.lang.Object, java.lang.Object, java.lang.Object, java.lang.Object, java.lang.Object, java.lang.Object, java.lang.Object)'> (0x00000000835855e8) thrown at [./src/hotspot/share/interpreter/linkResolver.cpp, line 773]
Event: 14.709 Thread 0x0000023bc12dd000 Exception <a 'java/lang/NoSuchMethodError'{0x0000000083596be0}: 'java.lang.Object java.lang.invoke.Invokers$Holder.linkToTargetMethod(java.lang.Object, java.lang.Object, java.lang.Object, java.lang.Object, java.lang.Object, java.lang.Object, java.lang.Object, java.lang.Object, java.lang.Object, java.lang.Object, java.lang.Object, java.lang.Object)'> (0x0000000083596be0) thrown at [./src/hotspot/share/interpreter/linkResolver.cpp, line 773]
Event: 14.729 Thread 0x0000023bc12dd000 Exception <a 'java/lang/NoSuchMethodError'{0x0000000083428338}: 'java.lang.Object java.lang.invoke.DirectMethodHandle$Holder.invokeStaticInit(java.lang.Object, java.lang.Object, java.lang.Object, java.lang.Object)'> (0x0000000083428338) thrown at [./src/hotspot/share/interpreter/linkResolver.cpp, line 773]

Events (20 events):
Event: 14.786 loading class org/gradle/api/internal/artifacts/ivyservice/resolveengine/graph/conflicts/ConflictHandler
Event: 14.786 loading class org/gradle/api/internal/artifacts/ivyservice/resolveengine/graph/conflicts/ConflictHandler done
Event: 14.787 loading class org/gradle/internal/resolve/resolver/ResolveContextToComponentResolver
Event: 14.787 loading class org/gradle/internal/resolve/resolver/ResolveContextToComponentResolver done
Event: 14.788 loading class org/gradle/api/internal/artifacts/ivyservice/resolveengine/graph/conflicts/ModuleConflictHandler
Event: 14.788 loading class org/gradle/api/internal/artifacts/ivyservice/resolveengine/graph/conflicts/ModuleConflictHandler done
Event: 14.789 loading class org/gradle/api/internal/artifacts/ivyservice/resolveengine/graph/conflicts/CapabilitiesConflictHandler$Resolver
Event: 14.789 loading class org/gradle/api/internal/artifacts/ivyservice/resolveengine/graph/conflicts/CapabilitiesConflictHandler$Resolver done
Event: 14.790 loading class org/gradle/api/internal/artifacts/ivyservice/dependencysubstitution/DependencySubstitutionApplicator
Event: 14.790 loading class org/gradle/api/internal/artifacts/ivyservice/dependencysubstitution/DependencySubstitutionApplicator done
Event: 14.791 loading class org/gradle/api/internal/artifacts/mvnsettings/DefaultMavenSettingsProvider
Event: 14.791 loading class org/gradle/api/internal/artifacts/mvnsettings/DefaultMavenSettingsProvider done
Event: 14.793 loading class org/apache/maven/settings/building/SettingsBuildingRequest
Event: 14.793 loading class org/apache/maven/settings/building/SettingsBuildingRequest done
Event: 14.794 loading class org/apache/maven/settings/io/SettingsReader
Event: 14.794 loading class org/apache/maven/settings/io/SettingsReader done
Event: 14.795 loading class org/gradle/api/internal/artifacts/mvnsettings/CannotLocateLocalMavenRepositoryException
Event: 14.795 loading class org/gradle/api/internal/artifacts/mvnsettings/CannotLocateLocalMavenRepositoryException done
Event: 14.796 loading class org/gradle/api/internal/artifacts/mvnsettings/DefaultMavenFileLocations
Event: 14.796 loading class org/gradle/api/internal/artifacts/mvnsettings/DefaultMavenFileLocations done


Dynamic libraries:
0x00007ff64ba30000 - 0x00007ff64ba3a000 	C:\Program Files\Android\Android Studio\jre\bin\java.exe
0x00007ffa4db90000 - 0x00007ffa4dd85000 	C:\Windows\SYSTEM32\ntdll.dll
0x00007ffa4cf50000 - 0x00007ffa4d00e000 	C:\Windows\System32\KERNEL32.DLL
0x00007ffa4b680000 - 0x00007ffa4b948000 	C:\Windows\System32\KERNELBASE.dll
0x00007ffa4b330000 - 0x00007ffa4b430000 	C:\Windows\System32\ucrtbase.dll
0x00007ffa247a0000 - 0x00007ffa247b9000 	C:\Program Files\Android\Android Studio\jre\bin\jli.dll
0x00007ffa4d010000 - 0x00007ffa4d1b0000 	C:\Windows\System32\USER32.dll
0x00007ffa4bbb0000 - 0x00007ffa4bbd2000 	C:\Windows\System32\win32u.dll
0x00007ffa27760000 - 0x00007ffa27777000 	C:\Program Files\Android\Android Studio\jre\bin\VCRUNTIME140.dll
0x00007ffa4c5c0000 - 0x00007ffa4c5eb000 	C:\Windows\System32\GDI32.dll
0x00007ffa4baa0000 - 0x00007ffa4bbad000 	C:\Windows\System32\gdi32full.dll
0x00007ffa4b430000 - 0x00007ffa4b4cd000 	C:\Windows\System32\msvcp_win.dll
0x00007ffa3b290000 - 0x00007ffa3b52a000 	C:\Windows\WinSxS\amd64_microsoft.windows.common-controls_6595b64144ccf1df_6.0.19041.1110_none_60b5254171f9507e\COMCTL32.dll
0x00007ffa4c040000 - 0x00007ffa4c0de000 	C:\Windows\System32\msvcrt.dll
0x00007ffa4bbe0000 - 0x00007ffa4bc10000 	C:\Windows\System32\IMM32.DLL
0x00007ffa08b30000 - 0x00007ffa08bcd000 	C:\Program Files\Android\Android Studio\jre\bin\msvcp140.dll
0x00007ff9fcb20000 - 0x00007ff9fd5ef000 	C:\Program Files\Android\Android Studio\jre\bin\server\jvm.dll
0x00007ffa4d1b0000 - 0x00007ffa4d25e000 	C:\Windows\System32\ADVAPI32.dll
0x00007ffa4bf40000 - 0x00007ffa4bfdc000 	C:\Windows\System32\sechost.dll
0x00007ffa4be10000 - 0x00007ffa4bf35000 	C:\Windows\System32\RPCRT4.dll
0x00007ffa4cb30000 - 0x00007ffa4cb38000 	C:\Windows\System32\PSAPI.DLL
0x00007ffa37d30000 - 0x00007ffa37d39000 	C:\Windows\SYSTEM32\WSOCK32.dll
0x00007ffa4dae0000 - 0x00007ffa4db4b000 	C:\Windows\System32\WS2_32.dll
0x00007ffa41df0000 - 0x00007ffa41e17000 	C:\Windows\SYSTEM32\WINMM.dll
0x00007ffa41e20000 - 0x00007ffa41e2a000 	C:\Windows\SYSTEM32\VERSION.dll
0x00007ffa49190000 - 0x00007ffa491a2000 	C:\Windows\SYSTEM32\kernel.appcore.dll
0x00007ffa3fc10000 - 0x00007ffa3fc21000 	C:\Program Files\Android\Android Studio\jre\bin\verify.dll
0x00007ffa37a70000 - 0x00007ffa37c54000 	C:\Windows\SYSTEM32\DBGHELP.DLL
0x00007ffa37cc0000 - 0x00007ffa37cec000 	C:\Windows\SYSTEM32\dbgcore.DLL
0x00007ffa4b2a0000 - 0x00007ffa4b322000 	C:\Windows\System32\bcryptPrimitives.dll
0x00007ffa3e270000 - 0x00007ffa3e299000 	C:\Program Files\Android\Android Studio\jre\bin\java.dll
0x00007ffa40050000 - 0x00007ffa4005b000 	C:\Program Files\Android\Android Studio\jre\bin\jimage.dll
0x00007ffa3f760000 - 0x00007ffa3f778000 	C:\Program Files\Android\Android Studio\jre\bin\zip.dll
0x00007ffa4d390000 - 0x00007ffa4dad4000 	C:\Windows\System32\SHELL32.dll
0x00007ffa49390000 - 0x00007ffa49b24000 	C:\Windows\SYSTEM32\windows.storage.dll
0x00007ffa4c190000 - 0x00007ffa4c4e5000 	C:\Windows\System32\combase.dll
0x00007ffa4ac20000 - 0x00007ffa4ac4e000 	C:\Windows\SYSTEM32\Wldp.dll
0x00007ffa4c0e0000 - 0x00007ffa4c18d000 	C:\Windows\System32\SHCORE.dll
0x00007ffa4cc60000 - 0x00007ffa4ccb5000 	C:\Windows\System32\shlwapi.dll
0x00007ffa4b1e0000 - 0x00007ffa4b1ff000 	C:\Windows\SYSTEM32\profapi.dll
0x00007ffa3f1d0000 - 0x00007ffa3f1ea000 	C:\Program Files\Android\Android Studio\jre\bin\net.dll
0x00007ffa3d220000 - 0x00007ffa3d32c000 	C:\Windows\SYSTEM32\WINHTTP.dll
0x00007ffa4a980000 - 0x00007ffa4a9ea000 	C:\Windows\system32\mswsock.dll
0x00007ffa3eb90000 - 0x00007ffa3eba4000 	C:\Program Files\Android\Android Studio\jre\bin\nio.dll
0x00007ffa3f220000 - 0x00007ffa3f247000 	C:\Users\atola\.gradle\native\8bec1ad78214c89d9ad589b4d07fe93259594b29d510b10fafb7a158f7737e5d\windows-amd64\native-platform.dll
0x00007ffa1bcd0000 - 0x00007ffa1be0d000 	C:\Users\atola\.gradle\native\53dbd7edfb1c66fb8903c78663c9afc45aea4f116125fa6feffd364cf09443e8\windows-amd64\native-platform-file-events.dll
0x00007ffa3fd50000 - 0x00007ffa3fd5a000 	C:\Program Files\Android\Android Studio\jre\bin\management.dll
0x00007ffa3f160000 - 0x00007ffa3f16c000 	C:\Program Files\Android\Android Studio\jre\bin\management_ext.dll
0x00007ffa4ab80000 - 0x00007ffa4ab98000 	C:\Windows\SYSTEM32\CRYPTSP.dll
0x00007ffa4a300000 - 0x00007ffa4a334000 	C:\Windows\system32\rsaenh.dll
0x00007ffa4ba70000 - 0x00007ffa4ba97000 	C:\Windows\System32\bcrypt.dll
0x00007ffa4b160000 - 0x00007ffa4b18e000 	C:\Windows\SYSTEM32\USERENV.dll
0x00007ffa4ab70000 - 0x00007ffa4ab7c000 	C:\Windows\SYSTEM32\CRYPTBASE.dll
0x00007ffa4a670000 - 0x00007ffa4a6ab000 	C:\Windows\SYSTEM32\IPHLPAPI.DLL
0x00007ffa4cc50000 - 0x00007ffa4cc58000 	C:\Windows\System32\NSI.dll
0x00007ffa443b0000 - 0x00007ffa443c7000 	C:\Windows\SYSTEM32\dhcpcsvc6.DLL
0x00007ffa42b70000 - 0x00007ffa42b8d000 	C:\Windows\SYSTEM32\dhcpcsvc.DLL
0x00007ffa4a6b0000 - 0x00007ffa4a77b000 	C:\Windows\SYSTEM32\DNSAPI.dll

dbghelp: loaded successfully - version: 4.0.5 - missing functions: none
symbol engine: initialized successfully - sym options: 0x614 - pdb path: .;C:\Program Files\Android\Android Studio\jre\bin;C:\Windows\SYSTEM32;C:\Windows\WinSxS\amd64_microsoft.windows.common-controls_6595b64144ccf1df_6.0.19041.1110_none_60b5254171f9507e;C:\Program Files\Android\Android Studio\jre\bin\server;C:\Users\atola\.gradle\native\8bec1ad78214c89d9ad589b4d07fe93259594b29d510b10fafb7a158f7737e5d\windows-amd64;C:\Users\atola\.gradle\native\53dbd7edfb1c66fb8903c78663c9afc45aea4f116125fa6feffd364cf09443e8\windows-amd64

VM Arguments:
jvm_args: --add-opens=java.base/java.util=ALL-UNNAMED --add-opens=java.base/java.lang=ALL-UNNAMED --add-opens=java.base/java.lang.invoke=ALL-UNNAMED --add-opens=java.base/java.util=ALL-UNNAMED --add-opens=java.prefs/java.util.prefs=ALL-UNNAMED --add-opens=java.prefs/java.util.prefs=ALL-UNNAMED --add-opens=java.base/java.nio.charset=ALL-UNNAMED --add-opens=java.base/java.net=ALL-UNNAMED --add-opens=java.base/java.util.concurrent.atomic=ALL-UNNAMED -Xmx2048m -Dfile.encoding=UTF-8 -Duser.country=GB -Duser.language=en -Duser.variant 
java_command: org.gradle.launcher.daemon.bootstrap.GradleDaemon 7.0.2
java_class_path (initial): C:\Users\atola\.gradle\wrapper\dists\gradle-7.0.2-bin\857tjihv64xamwrf0h14cai3r\gradle-7.0.2\lib\gradle-launcher-7.0.2.jar
Launcher Type: SUN_STANDARD

[Global flags]
     intx CICompilerCount                          = 3                                         {product} {ergonomic}
     uint ConcGCThreads                            = 1                                         {product} {ergonomic}
     uint G1ConcRefinementThreads                  = 4                                         {product} {ergonomic}
   size_t G1HeapRegionSize                         = 1048576                                   {product} {ergonomic}
    uintx GCDrainStackTargetSize                   = 64                                        {product} {ergonomic}
   size_t InitialHeapSize                          = 58720256                                  {product} {ergonomic}
   size_t MarkStackSize                            = 4194304                                   {product} {ergonomic}
   size_t MaxHeapSize                              = 2147483648                                {product} {command line}
   size_t MaxNewSize                               = 1287651328                                {product} {ergonomic}
   size_t MinHeapDeltaBytes                        = 1048576                                   {product} {ergonomic}
    uintx NonNMethodCodeHeapSize                   = 5830732                                {pd product} {ergonomic}
    uintx NonProfiledCodeHeapSize                  = 122913754                              {pd product} {ergonomic}
    uintx ProfiledCodeHeapSize                     = 122913754                              {pd product} {ergonomic}
    uintx ReservedCodeCacheSize                    = 251658240                              {pd product} {ergonomic}
     bool SegmentedCodeCache                       = true                                      {product} {ergonomic}
     bool UseCompressedClassPointers               = true                                 {lp64_product} {ergonomic}
     bool UseCompressedOops                        = true                                 {lp64_product} {ergonomic}
     bool UseG1GC                                  = true                                      {product} {ergonomic}
     bool UseLargePagesIndividualAllocation        = false                                  {pd product} {ergonomic}

Logging:
Log output configuration:
 #0: stdout all=warning uptime,level,tags
 #1: stderr all=off uptime,level,tags

Environment Variables:
JAVA_HOME=C:\Program Files\jdk-13.0.2
PATH=C:\Windows\system32;C:\Windows;C:\Windows\System32\Wbem;C:\Windows\System32\WindowsPowerShell\v1.0\;C:\Windows\System32\OpenSSH\;C:\Program Files\jdk-13.0.2\bin;C:\Program Files\Git\cmd;C:\msys64\mingw64\bin;C:\Program Files\MongoDB\Server\5.0\bin\;C:\Program Files\CodeBlocks\MinGW\bin;C:\Users\atola\AppData\Local\bin\NASM;C:\Program Files\PostgreSQL\14\bin;C:\Program Files\PostgreSQL\14\scripts;C:\Users\atola\AppData\Local\Android\Sdk\platform-tools;C:\Users\atola\Downloads\jdt-language-server-latest;C:\Users\atola\Downloads\apache-maven-3.8.5-bin\apache-maven-3.8.5\bin;C:\Users\atola\AppData\Local\Microsoft\WindowsApps;C:\Program Files\JetBrains\IntelliJ IDEA Community Edition 2020.3.2\bin;;C:\Users\atola\Downloads\flutter_windows_2.5.2-stable\flutter\bin;C:\Users\atola\AppData\Local\Programs\Microsoft VS Code\bin
USERNAME=atola
OS=Windows_NT
PROCESSOR_IDENTIFIER=AMD64 Family 23 Model 24 Stepping 1, AuthenticAMD



---------------  S Y S T E M  ---------------

OS: Windows 10 , 64 bit Build 19041 (10.0.19041.1503)
OS uptime: 26 days 12:24 hours

CPU:total 4 (initial active 4) (4 cores per cpu, 2 threads per core) family 23 model 24 stepping 1 microcode 0x0, cmov, cx8, fxsr, mmx, sse, sse2, sse3, ssse3, sse4.1, sse4.2, popcnt, avx, avx2, aes, clmul, mmxext, 3dnowpref, lzcnt, sse4a, ht, tsc, tscinvbit, tscinv, bmi1, bmi2, adx, s

Memory: 4k page, system-wide physical 3522M (202M free)
TotalPageFile size 14274M (AvailPageFile size 5M)
current process WorkingSet (physical memory assigned to process): 158M, peak: 165M
current process commit charge ("private bytes"): 198M, peak: 199M

vm_info: OpenJDK 64-Bit Server VM (11.0.10+0-b96-7249189) for windows-amd64 JRE (11.0.10+0-b96-7249189), built on Mar 31 2021 21:44:00 by "builder" with MS VC++ 14.0 (VS2015)

END.
